{"/home/runner/work/appunture-dev/appunture-dev/frontend-mobile/appunture/services/api.ts": {"path":"/home/runner/work/appunture-dev/appunture-dev/frontend-mobile/appunture/services/api.ts","statementMap":{"0":{"start":{"line":1,"column":0},"end":{"line":1,"column":null}},"1":{"start":{"line":26,"column":0},"end":{"line":26,"column":50}},"2":{"start":{"line":27,"column":0},"end":{"line":27,"column":43}},"3":{"start":{"line":28,"column":0},"end":{"line":28,"column":42}},"4":{"start":{"line":34,"column":4},"end":{"line":40,"column":7}},"5":{"start":{"line":42,"column":4},"end":{"line":42,"column":29}},"6":{"start":{"line":47,"column":4},"end":{"line":77,"column":6}},"7":{"start":{"line":49,"column":28},"end":{"line":49,"column":52}},"8":{"start":{"line":50,"column":35},"end":{"line":50,"column":39}},"9":{"start":{"line":52,"column":8},"end":{"line":58,"column":9}},"10":{"start":{"line":53,"column":10},"end":{"line":57,"column":11}},"11":{"start":{"line":54,"column":12},"end":{"line":54,"column":51}},"12":{"start":{"line":56,"column":12},"end":{"line":56,"column":72}},"13":{"start":{"line":60,"column":8},"end":{"line":62,"column":9}},"14":{"start":{"line":61,"column":10},"end":{"line":61,"column":41}},"15":{"start":{"line":64,"column":8},"end":{"line":71,"column":9}},"16":{"start":{"line":65,"column":10},"end":{"line":65,"column":64}},"17":{"start":{"line":66,"column":10},"end":{"line":70,"column":11}},"18":{"start":{"line":67,"column":12},"end":{"line":67,"column":67}},"19":{"start":{"line":69,"column":13},"end":{"line":69,"column":89}},"20":{"start":{"line":72,"column":8},"end":{"line":72,"column":22}},"21":{"start":{"line":75,"column":8},"end":{"line":75,"column":37}},"22":{"start":{"line":80,"column":4},"end":{"line":105,"column":6}},"23":{"start":{"line":81,"column":35},"end":{"line":81,"column":43}},"24":{"start":{"line":83,"column":35},"end":{"line":86,"column":10}},"25":{"start":{"line":88,"column":8},"end":{"line":101,"column":9}},"26":{"start":{"line":90,"column":31},"end":{"line":90,"column":57}},"27":{"start":{"line":91,"column":10},"end":{"line":91,"column":65}},"28":{"start":{"line":92,"column":10},"end":{"line":92,"column":68}},"29":{"start":{"line":93,"column":15},"end":{"line":101,"column":9}},"30":{"start":{"line":95,"column":10},"end":{"line":95,"column":43}},"31":{"start":{"line":96,"column":10},"end":{"line":96,"column":55}},"32":{"start":{"line":99,"column":10},"end":{"line":99,"column":43}},"33":{"start":{"line":100,"column":10},"end":{"line":100,"column":43}},"34":{"start":{"line":103,"column":8},"end":{"line":103,"column":40}},"35":{"start":{"line":110,"column":21},"end":{"line":112,"column":null}},"36":{"start":{"line":114,"column":4},"end":{"line":114,"column":25}},"37":{"start":{"line":118,"column":21},"end":{"line":120,"column":null}},"38":{"start":{"line":122,"column":4},"end":{"line":122,"column":25}},"39":{"start":{"line":126,"column":21},"end":{"line":127,"column":null}},"40":{"start":{"line":129,"column":20},"end":{"line":129,"column":59}},"41":{"start":{"line":130,"column":4},"end":{"line":130,"column":80}},"42":{"start":{"line":134,"column":21},"end":{"line":136,"column":null}},"43":{"start":{"line":138,"column":20},"end":{"line":138,"column":59}},"44":{"start":{"line":139,"column":4},"end":{"line":139,"column":80}},"45":{"start":{"line":143,"column":21},"end":{"line":144,"column":null}},"46":{"start":{"line":146,"column":20},"end":{"line":146,"column":59}},"47":{"start":{"line":147,"column":4},"end":{"line":147,"column":80}},"48":{"start":{"line":156,"column":21},"end":{"line":158,"column":6}},"49":{"start":{"line":159,"column":4},"end":{"line":159,"column":25}},"50":{"start":{"line":163,"column":21},"end":{"line":164,"column":null}},"51":{"start":{"line":166,"column":4},"end":{"line":166,"column":25}},"52":{"start":{"line":170,"column":21},"end":{"line":172,"column":6}},"53":{"start":{"line":173,"column":4},"end":{"line":173,"column":25}},"54":{"start":{"line":177,"column":21},"end":{"line":178,"column":null}},"55":{"start":{"line":180,"column":4},"end":{"line":180,"column":25}},"56":{"start":{"line":184,"column":21},"end":{"line":185,"column":null}},"57":{"start":{"line":187,"column":4},"end":{"line":187,"column":25}},"58":{"start":{"line":191,"column":21},"end":{"line":192,"column":null}},"59":{"start":{"line":194,"column":4},"end":{"line":194,"column":25}},"60":{"start":{"line":198,"column":21},"end":{"line":200,"column":6}},"61":{"start":{"line":201,"column":4},"end":{"line":201,"column":25}},"62":{"start":{"line":207,"column":21},"end":{"line":207,"column":69}},"63":{"start":{"line":208,"column":22},"end":{"line":214,"column":7}},"64":{"start":{"line":209,"column":46},"end":{"line":209,"column":56}},"65":{"start":{"line":210,"column":25},"end":{"line":214,"column":6}},"66":{"start":{"line":212,"column":54},"end":{"line":212,"column":77}},"67":{"start":{"line":215,"column":4},"end":{"line":215,"column":25}},"68":{"start":{"line":220,"column":21},"end":{"line":222,"column":6}},"69":{"start":{"line":223,"column":4},"end":{"line":223,"column":25}},"70":{"start":{"line":227,"column":21},"end":{"line":228,"column":null}},"71":{"start":{"line":230,"column":4},"end":{"line":230,"column":25}},"72":{"start":{"line":234,"column":21},"end":{"line":238,"column":null}},"73":{"start":{"line":240,"column":4},"end":{"line":240,"column":25}},"74":{"start":{"line":244,"column":21},"end":{"line":245,"column":null}},"75":{"start":{"line":247,"column":4},"end":{"line":247,"column":25}},"76":{"start":{"line":251,"column":21},"end":{"line":252,"column":null}},"77":{"start":{"line":254,"column":4},"end":{"line":254,"column":25}},"78":{"start":{"line":258,"column":21},"end":{"line":259,"column":null}},"79":{"start":{"line":261,"column":4},"end":{"line":261,"column":25}},"80":{"start":{"line":265,"column":21},"end":{"line":266,"column":null}},"81":{"start":{"line":268,"column":4},"end":{"line":268,"column":25}},"82":{"start":{"line":272,"column":21},"end":{"line":276,"column":null}},"83":{"start":{"line":278,"column":4},"end":{"line":278,"column":25}},"84":{"start":{"line":282,"column":4},"end":{"line":282,"column":57}},"85":{"start":{"line":287,"column":4},"end":{"line":287,"column":57}},"86":{"start":{"line":291,"column":4},"end":{"line":291,"column":59}},"87":{"start":{"line":296,"column":20},"end":{"line":296,"column":43}},"88":{"start":{"line":297,"column":25},"end":{"line":297,"column":61}},"89":{"start":{"line":300,"column":4},"end":{"line":302,"column":5}},"90":{"start":{"line":301,"column":6},"end":{"line":301,"column":28}},"91":{"start":{"line":305,"column":22},"end":{"line":305,"column":44}},"92":{"start":{"line":306,"column":27},"end":{"line":307,"column":null}},"93":{"start":{"line":307,"column":6},"end":{"line":307,"column":32}},"94":{"start":{"line":310,"column":4},"end":{"line":310,"column":38}},"95":{"start":{"line":316,"column":22},"end":{"line":316,"column":66}},"96":{"start":{"line":317,"column":21},"end":{"line":317,"column":47}},"97":{"start":{"line":318,"column":4},"end":{"line":318,"column":25}},"98":{"start":{"line":323,"column":21},"end":{"line":325,"column":null}},"99":{"start":{"line":327,"column":4},"end":{"line":327,"column":25}},"100":{"start":{"line":334,"column":21},"end":{"line":336,"column":null}},"101":{"start":{"line":338,"column":4},"end":{"line":338,"column":25}},"102":{"start":{"line":342,"column":4},"end":{"line":342,"column":46}},"103":{"start":{"line":350,"column":21},"end":{"line":352,"column":null}},"104":{"start":{"line":354,"column":4},"end":{"line":354,"column":25}},"105":{"start":{"line":361,"column":21},"end":{"line":363,"column":null}},"106":{"start":{"line":365,"column":4},"end":{"line":365,"column":25}},"107":{"start":{"line":372,"column":21},"end":{"line":374,"column":null}},"108":{"start":{"line":376,"column":4},"end":{"line":376,"column":25}},"109":{"start":{"line":383,"column":21},"end":{"line":385,"column":null}},"110":{"start":{"line":387,"column":4},"end":{"line":387,"column":25}},"111":{"start":{"line":391,"column":4},"end":{"line":391,"column":48}},"112":{"start":{"line":396,"column":21},"end":{"line":396,"column":59}},"113":{"start":{"line":397,"column":4},"end":{"line":397,"column":25}},"114":{"start":{"line":401,"column":21},"end":{"line":401,"column":61}},"115":{"start":{"line":402,"column":4},"end":{"line":402,"column":25}},"116":{"start":{"line":412,"column":21},"end":{"line":417,"column":6}},"117":{"start":{"line":418,"column":4},"end":{"line":418,"column":25}},"118":{"start":{"line":422,"column":13},"end":{"line":422,"column":43}}},"fnMap":{"0":{"name":"(anonymous_9)","decl":{"start":{"line":33,"column":2},"end":{"line":33,"column":null}},"loc":{"start":{"line":33,"column":2},"end":{"line":43,"column":3}}},"1":{"name":"(anonymous_10)","decl":{"start":{"line":45,"column":10},"end":{"line":45,"column":27}},"loc":{"start":{"line":45,"column":27},"end":{"line":106,"column":3}}},"2":{"name":"(anonymous_11)","decl":{"start":{"line":48,"column":6},"end":{"line":48,"column":11}},"loc":{"start":{"line":48,"column":51},"end":{"line":73,"column":7}}},"3":{"name":"(anonymous_12)","decl":{"start":{"line":74,"column":6},"end":{"line":74,"column":7}},"loc":{"start":{"line":74,"column":28},"end":{"line":76,"column":7}}},"4":{"name":"(anonymous_13)","decl":{"start":{"line":81,"column":6},"end":{"line":81,"column":7}},"loc":{"start":{"line":81,"column":35},"end":{"line":81,"column":43}}},"5":{"name":"(anonymous_14)","decl":{"start":{"line":82,"column":6},"end":{"line":82,"column":7}},"loc":{"start":{"line":82,"column":28},"end":{"line":104,"column":7}}},"6":{"name":"(anonymous_15)","decl":{"start":{"line":109,"column":2},"end":{"line":109,"column":7}},"loc":{"start":{"line":109,"column":43},"end":{"line":115,"column":3}}},"7":{"name":"(anonymous_16)","decl":{"start":{"line":117,"column":2},"end":{"line":117,"column":7}},"loc":{"start":{"line":117,"column":39},"end":{"line":123,"column":3}}},"8":{"name":"(anonymous_17)","decl":{"start":{"line":125,"column":2},"end":{"line":125,"column":7}},"loc":{"start":{"line":125,"column":18},"end":{"line":131,"column":3}}},"9":{"name":"(anonymous_18)","decl":{"start":{"line":133,"column":2},"end":{"line":133,"column":7}},"loc":{"start":{"line":133,"column":43},"end":{"line":140,"column":3}}},"10":{"name":"(anonymous_19)","decl":{"start":{"line":142,"column":2},"end":{"line":142,"column":7}},"loc":{"start":{"line":142,"column":24},"end":{"line":148,"column":3}}},"11":{"name":"(anonymous_20)","decl":{"start":{"line":151,"column":2},"end":{"line":151,"column":7}},"loc":{"start":{"line":155,"column":3},"end":{"line":160,"column":3}}},"12":{"name":"(anonymous_21)","decl":{"start":{"line":162,"column":2},"end":{"line":162,"column":7}},"loc":{"start":{"line":162,"column":27},"end":{"line":167,"column":3}}},"13":{"name":"(anonymous_22)","decl":{"start":{"line":169,"column":2},"end":{"line":169,"column":7}},"loc":{"start":{"line":169,"column":34},"end":{"line":174,"column":3}}},"14":{"name":"(anonymous_23)","decl":{"start":{"line":176,"column":2},"end":{"line":176,"column":7}},"loc":{"start":{"line":176,"column":44},"end":{"line":181,"column":3}}},"15":{"name":"(anonymous_24)","decl":{"start":{"line":183,"column":2},"end":{"line":183,"column":7}},"loc":{"start":{"line":183,"column":35},"end":{"line":188,"column":3}}},"16":{"name":"(anonymous_25)","decl":{"start":{"line":190,"column":2},"end":{"line":190,"column":7}},"loc":{"start":{"line":190,"column":44},"end":{"line":195,"column":3}}},"17":{"name":"(anonymous_26)","decl":{"start":{"line":197,"column":2},"end":{"line":197,"column":7}},"loc":{"start":{"line":197,"column":43},"end":{"line":202,"column":3}}},"18":{"name":"(anonymous_27)","decl":{"start":{"line":204,"column":2},"end":{"line":204,"column":7}},"loc":{"start":{"line":204,"column":20},"end":{"line":216,"column":3}}},"19":{"name":"(anonymous_28)","decl":{"start":{"line":209,"column":39},"end":{"line":209,"column":40}},"loc":{"start":{"line":209,"column":46},"end":{"line":209,"column":56}}},"20":{"name":"(anonymous_29)","decl":{"start":{"line":210,"column":10},"end":{"line":210,"column":11}},"loc":{"start":{"line":210,"column":25},"end":{"line":214,"column":6}}},"21":{"name":"(anonymous_30)","decl":{"start":{"line":212,"column":47},"end":{"line":212,"column":48}},"loc":{"start":{"line":212,"column":54},"end":{"line":212,"column":77}}},"22":{"name":"(anonymous_31)","decl":{"start":{"line":219,"column":2},"end":{"line":219,"column":7}},"loc":{"start":{"line":219,"column":50},"end":{"line":224,"column":3}}},"23":{"name":"(anonymous_32)","decl":{"start":{"line":226,"column":2},"end":{"line":226,"column":7}},"loc":{"start":{"line":226,"column":29},"end":{"line":231,"column":3}}},"24":{"name":"(anonymous_33)","decl":{"start":{"line":233,"column":2},"end":{"line":233,"column":7}},"loc":{"start":{"line":233,"column":36},"end":{"line":241,"column":3}}},"25":{"name":"(anonymous_34)","decl":{"start":{"line":243,"column":2},"end":{"line":243,"column":7}},"loc":{"start":{"line":243,"column":28},"end":{"line":248,"column":3}}},"26":{"name":"(anonymous_35)","decl":{"start":{"line":250,"column":2},"end":{"line":250,"column":7}},"loc":{"start":{"line":250,"column":46},"end":{"line":255,"column":3}}},"27":{"name":"(anonymous_36)","decl":{"start":{"line":257,"column":2},"end":{"line":257,"column":7}},"loc":{"start":{"line":257,"column":36},"end":{"line":262,"column":3}}},"28":{"name":"(anonymous_37)","decl":{"start":{"line":264,"column":2},"end":{"line":264,"column":7}},"loc":{"start":{"line":264,"column":42},"end":{"line":269,"column":3}}},"29":{"name":"(anonymous_38)","decl":{"start":{"line":271,"column":2},"end":{"line":271,"column":7}},"loc":{"start":{"line":271,"column":45},"end":{"line":279,"column":3}}},"30":{"name":"(anonymous_39)","decl":{"start":{"line":281,"column":2},"end":{"line":281,"column":7}},"loc":{"start":{"line":281,"column":45},"end":{"line":283,"column":3}}},"31":{"name":"(anonymous_40)","decl":{"start":{"line":286,"column":2},"end":{"line":286,"column":7}},"loc":{"start":{"line":286,"column":35},"end":{"line":288,"column":3}}},"32":{"name":"(anonymous_41)","decl":{"start":{"line":290,"column":2},"end":{"line":290,"column":7}},"loc":{"start":{"line":290,"column":38},"end":{"line":292,"column":3}}},"33":{"name":"(anonymous_42)","decl":{"start":{"line":294,"column":2},"end":{"line":294,"column":7}},"loc":{"start":{"line":294,"column":20},"end":{"line":311,"column":3}}},"34":{"name":"(anonymous_43)","decl":{"start":{"line":306,"column":51},"end":{"line":306,"column":52}},"loc":{"start":{"line":307,"column":6},"end":{"line":307,"column":32}}},"35":{"name":"(anonymous_44)","decl":{"start":{"line":314,"column":2},"end":{"line":314,"column":7}},"loc":{"start":{"line":314,"column":19},"end":{"line":319,"column":3}}},"36":{"name":"(anonymous_45)","decl":{"start":{"line":322,"column":2},"end":{"line":322,"column":7}},"loc":{"start":{"line":322,"column":45},"end":{"line":328,"column":3}}},"37":{"name":"(anonymous_46)","decl":{"start":{"line":330,"column":2},"end":{"line":330,"column":7}},"loc":{"start":{"line":332,"column":29},"end":{"line":339,"column":3}}},"38":{"name":"(anonymous_47)","decl":{"start":{"line":341,"column":2},"end":{"line":341,"column":7}},"loc":{"start":{"line":341,"column":30},"end":{"line":343,"column":3}}},"39":{"name":"(anonymous_48)","decl":{"start":{"line":345,"column":2},"end":{"line":345,"column":7}},"loc":{"start":{"line":348,"column":13},"end":{"line":355,"column":3}}},"40":{"name":"(anonymous_49)","decl":{"start":{"line":357,"column":2},"end":{"line":357,"column":7}},"loc":{"start":{"line":359,"column":20},"end":{"line":366,"column":3}}},"41":{"name":"(anonymous_50)","decl":{"start":{"line":369,"column":2},"end":{"line":369,"column":7}},"loc":{"start":{"line":370,"column":33},"end":{"line":377,"column":3}}},"42":{"name":"(anonymous_51)","decl":{"start":{"line":379,"column":2},"end":{"line":379,"column":7}},"loc":{"start":{"line":381,"column":33},"end":{"line":388,"column":3}}},"43":{"name":"(anonymous_52)","decl":{"start":{"line":390,"column":2},"end":{"line":390,"column":7}},"loc":{"start":{"line":390,"column":32},"end":{"line":392,"column":3}}},"44":{"name":"(anonymous_53)","decl":{"start":{"line":395,"column":2},"end":{"line":395,"column":7}},"loc":{"start":{"line":395,"column":21},"end":{"line":398,"column":3}}},"45":{"name":"(anonymous_54)","decl":{"start":{"line":400,"column":2},"end":{"line":400,"column":7}},"loc":{"start":{"line":400,"column":23},"end":{"line":403,"column":3}}},"46":{"name":"(anonymous_55)","decl":{"start":{"line":406,"column":2},"end":{"line":406,"column":7}},"loc":{"start":{"line":410,"column":16},"end":{"line":419,"column":3}}}},"branchMap":{"0":{"loc":{"start":{"line":52,"column":8},"end":{"line":58,"column":9}},"type":"if","locations":[{"start":{"line":52,"column":8},"end":{"line":58,"column":9}},{"start":{},"end":{}}]},"1":{"loc":{"start":{"line":60,"column":8},"end":{"line":62,"column":9}},"type":"if","locations":[{"start":{"line":60,"column":8},"end":{"line":62,"column":9}},{"start":{},"end":{}}]},"2":{"loc":{"start":{"line":64,"column":8},"end":{"line":71,"column":9}},"type":"if","locations":[{"start":{"line":64,"column":8},"end":{"line":71,"column":9}},{"start":{},"end":{}}]},"3":{"loc":{"start":{"line":65,"column":27},"end":{"line":65,"column":63}},"type":"binary-expr","locations":[{"start":{"line":65,"column":27},"end":{"line":65,"column":41}},{"start":{"line":65,"column":45},"end":{"line":65,"column":63}}]},"4":{"loc":{"start":{"line":66,"column":10},"end":{"line":70,"column":11}},"type":"if","locations":[{"start":{"line":66,"column":10},"end":{"line":70,"column":11}},{"start":{"line":68,"column":17},"end":{"line":70,"column":11}}]},"5":{"loc":{"start":{"line":88,"column":8},"end":{"line":101,"column":9}},"type":"if","locations":[{"start":{"line":88,"column":8},"end":{"line":101,"column":9}},{"start":{"line":93,"column":15},"end":{"line":101,"column":9}}]},"6":{"loc":{"start":{"line":91,"column":27},"end":{"line":91,"column":64}},"type":"binary-expr","locations":[{"start":{"line":91,"column":27},"end":{"line":91,"column":46}},{"start":{"line":91,"column":50},"end":{"line":91,"column":64}}]},"7":{"loc":{"start":{"line":92,"column":29},"end":{"line":92,"column":67}},"type":"binary-expr","locations":[{"start":{"line":92,"column":29},"end":{"line":92,"column":50}},{"start":{"line":92,"column":54},"end":{"line":92,"column":67}}]},"8":{"loc":{"start":{"line":93,"column":15},"end":{"line":101,"column":9}},"type":"if","locations":[{"start":{"line":93,"column":15},"end":{"line":101,"column":9}},{"start":{"line":97,"column":15},"end":{"line":101,"column":9}}]},"9":{"loc":{"start":{"line":130,"column":12},"end":{"line":130,"column":70}},"type":"cond-expr","locations":[{"start":{"line":130,"column":48},"end":{"line":130,"column":60}},{"start":{"line":130,"column":63},"end":{"line":130,"column":70}}]},"10":{"loc":{"start":{"line":130,"column":12},"end":{"line":130,"column":45}},"type":"binary-expr","locations":[{"start":{"line":130,"column":12},"end":{"line":130,"column":29}},{"start":{"line":130,"column":33},"end":{"line":130,"column":45}}]},"11":{"loc":{"start":{"line":139,"column":12},"end":{"line":139,"column":70}},"type":"cond-expr","locations":[{"start":{"line":139,"column":48},"end":{"line":139,"column":60}},{"start":{"line":139,"column":63},"end":{"line":139,"column":70}}]},"12":{"loc":{"start":{"line":139,"column":12},"end":{"line":139,"column":45}},"type":"binary-expr","locations":[{"start":{"line":139,"column":12},"end":{"line":139,"column":29}},{"start":{"line":139,"column":33},"end":{"line":139,"column":45}}]},"13":{"loc":{"start":{"line":147,"column":12},"end":{"line":147,"column":70}},"type":"cond-expr","locations":[{"start":{"line":147,"column":48},"end":{"line":147,"column":60}},{"start":{"line":147,"column":63},"end":{"line":147,"column":70}}]},"14":{"loc":{"start":{"line":147,"column":12},"end":{"line":147,"column":45}},"type":"binary-expr","locations":[{"start":{"line":147,"column":12},"end":{"line":147,"column":29}},{"start":{"line":147,"column":33},"end":{"line":147,"column":45}}]},"15":{"loc":{"start":{"line":197,"column":25},"end":{"line":197,"column":43}},"type":"default-arg","locations":[{"start":{"line":197,"column":41},"end":{"line":197,"column":43}}]},"16":{"loc":{"start":{"line":271,"column":27},"end":{"line":271,"column":45}},"type":"default-arg","locations":[{"start":{"line":271,"column":43},"end":{"line":271,"column":45}}]},"17":{"loc":{"start":{"line":297,"column":25},"end":{"line":297,"column":61}},"type":"binary-expr","locations":[{"start":{"line":297,"column":25},"end":{"line":297,"column":55}},{"start":{"line":297,"column":59},"end":{"line":297,"column":61}}]},"18":{"loc":{"start":{"line":300,"column":4},"end":{"line":302,"column":5}},"type":"if","locations":[{"start":{"line":300,"column":4},"end":{"line":302,"column":5}},{"start":{},"end":{}}]}},"s":{"0":1,"1":1,"2":1,"3":1,"4":1,"5":1,"6":1,"7":0,"8":0,"9":0,"10":0,"11":0,"12":0,"13":0,"14":0,"15":0,"16":0,"17":0,"18":0,"19":0,"20":0,"21":0,"22":1,"23":0,"24":0,"25":0,"26":0,"27":0,"28":0,"29":0,"30":0,"31":0,"32":0,"33":0,"34":0,"35":0,"36":0,"37":0,"38":0,"39":0,"40":0,"41":0,"42":0,"43":0,"44":0,"45":0,"46":0,"47":0,"48":0,"49":0,"50":0,"51":0,"52":0,"53":0,"54":0,"55":0,"56":0,"57":0,"58":0,"59":0,"60":0,"61":0,"62":0,"63":0,"64":0,"65":0,"66":0,"67":0,"68":0,"69":0,"70":0,"71":0,"72":0,"73":0,"74":0,"75":0,"76":0,"77":0,"78":0,"79":0,"80":0,"81":0,"82":0,"83":0,"84":0,"85":0,"86":0,"87":0,"88":0,"89":0,"90":0,"91":0,"92":0,"93":0,"94":0,"95":0,"96":0,"97":0,"98":0,"99":0,"100":0,"101":0,"102":0,"103":0,"104":0,"105":0,"106":0,"107":0,"108":0,"109":0,"110":0,"111":0,"112":0,"113":0,"114":0,"115":0,"116":0,"117":0,"118":1},"f":{"0":1,"1":1,"2":0,"3":0,"4":0,"5":0,"6":0,"7":0,"8":0,"9":0,"10":0,"11":0,"12":0,"13":0,"14":0,"15":0,"16":0,"17":0,"18":0,"19":0,"20":0,"21":0,"22":0,"23":0,"24":0,"25":0,"26":0,"27":0,"28":0,"29":0,"30":0,"31":0,"32":0,"33":0,"34":0,"35":0,"36":0,"37":0,"38":0,"39":0,"40":0,"41":0,"42":0,"43":0,"44":0,"45":0,"46":0},"b":{"0":[0,0],"1":[0,0],"2":[0,0],"3":[0,0],"4":[0,0],"5":[0,0],"6":[0,0],"7":[0,0],"8":[0,0],"9":[0,0],"10":[0,0],"11":[0,0],"12":[0,0],"13":[0,0],"14":[0,0],"15":[0],"16":[0],"17":[0,0],"18":[0,0]}}
,"/home/runner/work/appunture-dev/appunture-dev/frontend-mobile/appunture/services/connectivity.ts": {"path":"/home/runner/work/appunture-dev/appunture-dev/frontend-mobile/appunture/services/connectivity.ts","statementMap":{"0":{"start":{"line":1,"column":0},"end":{"line":1,"column":72}},"1":{"start":{"line":7,"column":22},"end":{"line":7,"column":53}},"2":{"start":{"line":8,"column":34},"end":{"line":8,"column":38}},"3":{"start":{"line":11,"column":4},"end":{"line":13,"column":5}},"4":{"start":{"line":12,"column":6},"end":{"line":12,"column":13}},"5":{"start":{"line":14,"column":4},"end":{"line":18,"column":7}},"6":{"start":{"line":15,"column":23},"end":{"line":15,"column":88}},"7":{"start":{"line":16,"column":6},"end":{"line":16,"column":35}},"8":{"start":{"line":17,"column":6},"end":{"line":17,"column":63}},"9":{"start":{"line":17,"column":43},"end":{"line":17,"column":61}},"10":{"start":{"line":22,"column":4},"end":{"line":25,"column":5}},"11":{"start":{"line":23,"column":6},"end":{"line":23,"column":25}},"12":{"start":{"line":24,"column":6},"end":{"line":24,"column":35}},"13":{"start":{"line":29,"column":4},"end":{"line":29,"column":17}},"14":{"start":{"line":30,"column":4},"end":{"line":30,"column":33}},"15":{"start":{"line":31,"column":4},"end":{"line":31,"column":32}},"16":{"start":{"line":32,"column":4},"end":{"line":37,"column":6}},"17":{"start":{"line":33,"column":6},"end":{"line":33,"column":38}},"18":{"start":{"line":34,"column":6},"end":{"line":36,"column":7}},"19":{"start":{"line":35,"column":8},"end":{"line":35,"column":20}},"20":{"start":{"line":41,"column":4},"end":{"line":47,"column":5}},"21":{"start":{"line":42,"column":20},"end":{"line":42,"column":41}},"22":{"start":{"line":43,"column":6},"end":{"line":43,"column":79}},"23":{"start":{"line":45,"column":6},"end":{"line":45,"column":68}},"24":{"start":{"line":46,"column":6},"end":{"line":46,"column":19}},"25":{"start":{"line":51,"column":13},"end":{"line":51,"column":61}}},"fnMap":{"0":{"name":"(anonymous_1)","decl":{"start":{"line":10,"column":2},"end":{"line":10,"column":7}},"loc":{"start":{"line":10,"column":7},"end":{"line":19,"column":3}}},"1":{"name":"(anonymous_2)","decl":{"start":{"line":14,"column":48},"end":{"line":14,"column":49}},"loc":{"start":{"line":14,"column":72},"end":{"line":18,"column":5}}},"2":{"name":"(anonymous_3)","decl":{"start":{"line":17,"column":29},"end":{"line":17,"column":30}},"loc":{"start":{"line":17,"column":43},"end":{"line":17,"column":61}}},"3":{"name":"(anonymous_4)","decl":{"start":{"line":21,"column":2},"end":{"line":21,"column":6}},"loc":{"start":{"line":21,"column":6},"end":{"line":26,"column":3}}},"4":{"name":"(anonymous_5)","decl":{"start":{"line":28,"column":2},"end":{"line":28,"column":10}},"loc":{"start":{"line":28,"column":41},"end":{"line":38,"column":3}}},"5":{"name":"(anonymous_6)","decl":{"start":{"line":32,"column":11},"end":{"line":32,"column":14}},"loc":{"start":{"line":32,"column":16},"end":{"line":37,"column":5}}},"6":{"name":"(anonymous_7)","decl":{"start":{"line":40,"column":2},"end":{"line":40,"column":7}},"loc":{"start":{"line":40,"column":16},"end":{"line":48,"column":3}}}},"branchMap":{"0":{"loc":{"start":{"line":11,"column":4},"end":{"line":13,"column":5}},"type":"if","locations":[{"start":{"line":11,"column":4},"end":{"line":13,"column":5}},{"start":{},"end":{}}]},"1":{"loc":{"start":{"line":15,"column":31},"end":{"line":15,"column":87}},"type":"binary-expr","locations":[{"start":{"line":15,"column":31},"end":{"line":15,"column":48}},{"start":{"line":15,"column":52},"end":{"line":15,"column":87}}]},"2":{"loc":{"start":{"line":22,"column":4},"end":{"line":25,"column":5}},"type":"if","locations":[{"start":{"line":22,"column":4},"end":{"line":25,"column":5}},{"start":{},"end":{}}]},"3":{"loc":{"start":{"line":34,"column":6},"end":{"line":36,"column":7}},"type":"if","locations":[{"start":{"line":34,"column":6},"end":{"line":36,"column":7}},{"start":{},"end":{}}]},"4":{"loc":{"start":{"line":43,"column":21},"end":{"line":43,"column":77}},"type":"binary-expr","locations":[{"start":{"line":43,"column":21},"end":{"line":43,"column":38}},{"start":{"line":43,"column":42},"end":{"line":43,"column":77}}]}},"s":{"0":1,"1":1,"2":1,"3":0,"4":0,"5":0,"6":0,"7":0,"8":0,"9":0,"10":0,"11":0,"12":0,"13":0,"14":0,"15":0,"16":0,"17":0,"18":0,"19":0,"20":0,"21":0,"22":0,"23":0,"24":0,"25":1},"f":{"0":0,"1":0,"2":0,"3":0,"4":0,"5":0,"6":0},"b":{"0":[0,0],"1":[0,0],"2":[0,0],"3":[0,0],"4":[0,0]}}
,"/home/runner/work/appunture-dev/appunture-dev/frontend-mobile/appunture/services/database.ts": {"path":"/home/runner/work/appunture-dev/appunture-dev/frontend-mobile/appunture/services/database.ts","statementMap":{"0":{"start":{"line":1,"column":0},"end":{"line":1,"column":38}},"1":{"start":{"line":11,"column":0},"end":{"line":11,"column":69}},"2":{"start":{"line":13,"column":26},"end":{"line":13,"column":27}},"3":{"start":{"line":18,"column":45},"end":{"line":18,"column":49}},"4":{"start":{"line":21,"column":4},"end":{"line":31,"column":5}},"5":{"start":{"line":22,"column":6},"end":{"line":22,"column":62}},"6":{"start":{"line":23,"column":6},"end":{"line":23,"column":59}},"7":{"start":{"line":24,"column":6},"end":{"line":24,"column":60}},"8":{"start":{"line":25,"column":6},"end":{"line":25,"column":35}},"9":{"start":{"line":26,"column":6},"end":{"line":26,"column":33}},"10":{"start":{"line":27,"column":6},"end":{"line":27,"column":55}},"11":{"start":{"line":29,"column":6},"end":{"line":29,"column":59}},"12":{"start":{"line":30,"column":6},"end":{"line":30,"column":18}},"13":{"start":{"line":35,"column":4},"end":{"line":37,"column":5}},"14":{"start":{"line":36,"column":6},"end":{"line":36,"column":50}},"15":{"start":{"line":38,"column":4},"end":{"line":38,"column":19}},"16":{"start":{"line":42,"column":15},"end":{"line":42,"column":27}},"17":{"start":{"line":44,"column":25},"end":{"line":44,"column":52}},"18":{"start":{"line":45,"column":4},"end":{"line":49,"column":5}},"19":{"start":{"line":46,"column":6},"end":{"line":46,"column":39}},"20":{"start":{"line":48,"column":6},"end":{"line":48,"column":41}},"21":{"start":{"line":51,"column":4},"end":{"line":51,"column":48}},"22":{"start":{"line":55,"column":15},"end":{"line":55,"column":27}},"23":{"start":{"line":56,"column":4},"end":{"line":70,"column":5}},"24":{"start":{"line":57,"column":25},"end":{"line":58,"column":null}},"25":{"start":{"line":60,"column":6},"end":{"line":62,"column":7}},"26":{"start":{"line":61,"column":8},"end":{"line":61,"column":21}},"27":{"start":{"line":63,"column":23},"end":{"line":63,"column":71}},"28":{"start":{"line":63,"column":50},"end":{"line":63,"column":70}},"29":{"start":{"line":64,"column":6},"end":{"line":66,"column":7}},"30":{"start":{"line":65,"column":8},"end":{"line":65,"column":21}},"31":{"start":{"line":67,"column":6},"end":{"line":67,"column":66}},"32":{"start":{"line":69,"column":6},"end":{"line":69,"column":19}},"33":{"start":{"line":74,"column":15},"end":{"line":74,"column":27}},"34":{"start":{"line":75,"column":4},"end":{"line":75,"column":64}},"35":{"start":{"line":78,"column":6},"end":{"line":85,"column":8}},"36":{"start":{"line":87,"column":4},"end":{"line":87,"column":44}},"37":{"start":{"line":88,"column":4},"end":{"line":203,"column":5}},"38":{"start":{"line":89,"column":21},"end":{"line":98,"column":8}},"39":{"start":{"line":99,"column":6},"end":{"line":101,"column":7}},"40":{"start":{"line":100,"column":8},"end":{"line":100,"column":60}},"41":{"start":{"line":103,"column":6},"end":{"line":103,"column":41}},"42":{"start":{"line":105,"column":6},"end":{"line":126,"column":7}},"43":{"start":{"line":106,"column":8},"end":{"line":125,"column":10}},"44":{"start":{"line":128,"column":6},"end":{"line":142,"column":7}},"45":{"start":{"line":129,"column":8},"end":{"line":141,"column":10}},"46":{"start":{"line":144,"column":6},"end":{"line":154,"column":7}},"47":{"start":{"line":145,"column":8},"end":{"line":153,"column":10}},"48":{"start":{"line":156,"column":6},"end":{"line":169,"column":7}},"49":{"start":{"line":157,"column":8},"end":{"line":168,"column":10}},"50":{"start":{"line":171,"column":6},"end":{"line":184,"column":7}},"51":{"start":{"line":172,"column":8},"end":{"line":183,"column":10}},"52":{"start":{"line":186,"column":6},"end":{"line":196,"column":7}},"53":{"start":{"line":187,"column":8},"end":{"line":195,"column":10}},"54":{"start":{"line":198,"column":6},"end":{"line":198,"column":35}},"55":{"start":{"line":200,"column":6},"end":{"line":200,"column":37}},"56":{"start":{"line":201,"column":6},"end":{"line":201,"column":63}},"57":{"start":{"line":202,"column":6},"end":{"line":202,"column":18}},"58":{"start":{"line":207,"column":15},"end":{"line":207,"column":27}},"59":{"start":{"line":209,"column":4},"end":{"line":224,"column":8}},"60":{"start":{"line":226,"column":4},"end":{"line":234,"column":8}},"61":{"start":{"line":236,"column":4},"end":{"line":241,"column":8}},"62":{"start":{"line":243,"column":4},"end":{"line":252,"column":8}},"63":{"start":{"line":254,"column":4},"end":{"line":262,"column":8}},"64":{"start":{"line":264,"column":4},"end":{"line":269,"column":8}},"65":{"start":{"line":271,"column":4},"end":{"line":275,"column":8}},"66":{"start":{"line":277,"column":4},"end":{"line":287,"column":8}},"67":{"start":{"line":289,"column":4},"end":{"line":298,"column":8}},"68":{"start":{"line":302,"column":15},"end":{"line":302,"column":27}},"69":{"start":{"line":304,"column":23},"end":{"line":317,"column":6}},"70":{"start":{"line":319,"column":4},"end":{"line":321,"column":5}},"71":{"start":{"line":320,"column":6},"end":{"line":320,"column":36}},"72":{"start":{"line":325,"column":15},"end":{"line":325,"column":27}},"73":{"start":{"line":326,"column":4},"end":{"line":326,"column":59}},"74":{"start":{"line":332,"column":15},"end":{"line":332,"column":27}},"75":{"start":{"line":334,"column":4},"end":{"line":367,"column":6}},"76":{"start":{"line":371,"column":4},"end":{"line":373,"column":5}},"77":{"start":{"line":372,"column":6},"end":{"line":372,"column":13}},"78":{"start":{"line":374,"column":15},"end":{"line":374,"column":27}},"79":{"start":{"line":375,"column":4},"end":{"line":375,"column":44}},"80":{"start":{"line":376,"column":4},"end":{"line":384,"column":5}},"81":{"start":{"line":377,"column":6},"end":{"line":379,"column":7}},"82":{"start":{"line":378,"column":8},"end":{"line":378,"column":38}},"83":{"start":{"line":380,"column":6},"end":{"line":380,"column":35}},"84":{"start":{"line":382,"column":6},"end":{"line":382,"column":37}},"85":{"start":{"line":383,"column":6},"end":{"line":383,"column":18}},"86":{"start":{"line":388,"column":15},"end":{"line":388,"column":27}},"87":{"start":{"line":389,"column":4},"end":{"line":392,"column":5}},"88":{"start":{"line":390,"column":6},"end":{"line":390,"column":47}},"89":{"start":{"line":391,"column":6},"end":{"line":391,"column":13}},"90":{"start":{"line":394,"column":25},"end":{"line":394,"column":54}},"91":{"start":{"line":394,"column":39},"end":{"line":394,"column":42}},"92":{"start":{"line":395,"column":4},"end":{"line":398,"column":6}},"93":{"start":{"line":402,"column":15},"end":{"line":402,"column":27}},"94":{"start":{"line":403,"column":16},"end":{"line":403,"column":62}},"95":{"start":{"line":404,"column":26},"end":{"line":404,"column":28}},"96":{"start":{"line":406,"column":4},"end":{"line":413,"column":5}},"97":{"start":{"line":407,"column":6},"end":{"line":407,"column":26}},"98":{"start":{"line":408,"column":6},"end":{"line":408,"column":25}},"99":{"start":{"line":409,"column":6},"end":{"line":412,"column":7}},"100":{"start":{"line":410,"column":8},"end":{"line":410,"column":29}},"101":{"start":{"line":411,"column":8},"end":{"line":411,"column":28}},"102":{"start":{"line":415,"column":20},"end":{"line":415,"column":55}},"103":{"start":{"line":416,"column":4},"end":{"line":416,"column":18}},"104":{"start":{"line":420,"column":15},"end":{"line":420,"column":27}},"105":{"start":{"line":421,"column":16},"end":{"line":423,"column":6}},"106":{"start":{"line":424,"column":4},"end":{"line":424,"column":39}},"107":{"start":{"line":428,"column":15},"end":{"line":428,"column":27}},"108":{"start":{"line":429,"column":23},"end":{"line":429,"column":35}},"109":{"start":{"line":430,"column":20},"end":{"line":440,"column":null}},"110":{"start":{"line":442,"column":4},"end":{"line":442,"column":18}},"111":{"start":{"line":446,"column":15},"end":{"line":446,"column":27}},"112":{"start":{"line":447,"column":20},"end":{"line":449,"column":null}},"113":{"start":{"line":451,"column":4},"end":{"line":451,"column":18}},"114":{"start":{"line":457,"column":15},"end":{"line":457,"column":27}},"115":{"start":{"line":458,"column":4},"end":{"line":477,"column":6}},"116":{"start":{"line":481,"column":4},"end":{"line":483,"column":5}},"117":{"start":{"line":482,"column":6},"end":{"line":482,"column":13}},"118":{"start":{"line":484,"column":15},"end":{"line":484,"column":27}},"119":{"start":{"line":485,"column":4},"end":{"line":485,"column":44}},"120":{"start":{"line":486,"column":4},"end":{"line":494,"column":5}},"121":{"start":{"line":487,"column":6},"end":{"line":489,"column":7}},"122":{"start":{"line":488,"column":8},"end":{"line":488,"column":42}},"123":{"start":{"line":490,"column":6},"end":{"line":490,"column":35}},"124":{"start":{"line":492,"column":6},"end":{"line":492,"column":37}},"125":{"start":{"line":493,"column":6},"end":{"line":493,"column":18}},"126":{"start":{"line":498,"column":15},"end":{"line":498,"column":27}},"127":{"start":{"line":499,"column":20},"end":{"line":500,"column":null}},"128":{"start":{"line":502,"column":4},"end":{"line":502,"column":18}},"129":{"start":{"line":506,"column":15},"end":{"line":506,"column":27}},"130":{"start":{"line":507,"column":23},"end":{"line":507,"column":35}},"131":{"start":{"line":508,"column":20},"end":{"line":510,"column":null}},"132":{"start":{"line":512,"column":4},"end":{"line":512,"column":18}},"133":{"start":{"line":523,"column":15},"end":{"line":523,"column":27}},"134":{"start":{"line":524,"column":16},"end":{"line":524,"column":40}},"135":{"start":{"line":526,"column":4},"end":{"line":570,"column":5}},"136":{"start":{"line":527,"column":6},"end":{"line":544,"column":8}},"137":{"start":{"line":546,"column":6},"end":{"line":569,"column":7}},"138":{"start":{"line":547,"column":8},"end":{"line":550,"column":10}},"139":{"start":{"line":552,"column":8},"end":{"line":568,"column":10}},"140":{"start":{"line":574,"column":15},"end":{"line":574,"column":27}},"141":{"start":{"line":575,"column":4},"end":{"line":575,"column":44}},"142":{"start":{"line":576,"column":4},"end":{"line":589,"column":5}},"143":{"start":{"line":577,"column":6},"end":{"line":577,"column":77}},"144":{"start":{"line":578,"column":6},"end":{"line":584,"column":7}},"145":{"start":{"line":579,"column":8},"end":{"line":583,"column":10}},"146":{"start":{"line":585,"column":6},"end":{"line":585,"column":35}},"147":{"start":{"line":587,"column":6},"end":{"line":587,"column":37}},"148":{"start":{"line":588,"column":6},"end":{"line":588,"column":18}},"149":{"start":{"line":593,"column":15},"end":{"line":593,"column":27}},"150":{"start":{"line":594,"column":20},"end":{"line":596,"column":null}},"151":{"start":{"line":598,"column":4},"end":{"line":598,"column":18}},"152":{"start":{"line":607,"column":15},"end":{"line":607,"column":27}},"153":{"start":{"line":608,"column":20},"end":{"line":613,"column":6}},"154":{"start":{"line":615,"column":4},"end":{"line":618,"column":6}},"155":{"start":{"line":620,"column":4},"end":{"line":628,"column":6}},"156":{"start":{"line":632,"column":15},"end":{"line":632,"column":27}},"157":{"start":{"line":634,"column":6},"end":{"line":634,"column":97}},"158":{"start":{"line":635,"column":26},"end":{"line":635,"column":33}},"159":{"start":{"line":637,"column":4},"end":{"line":641,"column":5}},"160":{"start":{"line":638,"column":6},"end":{"line":639,"column":115}},"161":{"start":{"line":640,"column":6},"end":{"line":640,"column":29}},"162":{"start":{"line":643,"column":20},"end":{"line":643,"column":55}},"163":{"start":{"line":644,"column":4},"end":{"line":644,"column":18}},"164":{"start":{"line":648,"column":15},"end":{"line":648,"column":27}},"165":{"start":{"line":649,"column":4},"end":{"line":652,"column":6}},"166":{"start":{"line":656,"column":15},"end":{"line":656,"column":27}},"167":{"start":{"line":657,"column":4},"end":{"line":657,"column":67}},"168":{"start":{"line":661,"column":15},"end":{"line":661,"column":27}},"169":{"start":{"line":662,"column":4},"end":{"line":667,"column":6}},"170":{"start":{"line":671,"column":15},"end":{"line":671,"column":27}},"171":{"start":{"line":672,"column":17},"end":{"line":673,"column":null}},"172":{"start":{"line":675,"column":4},"end":{"line":675,"column":44}},"173":{"start":{"line":679,"column":15},"end":{"line":679,"column":27}},"174":{"start":{"line":680,"column":4},"end":{"line":683,"column":7}},"175":{"start":{"line":687,"column":15},"end":{"line":687,"column":27}},"176":{"start":{"line":688,"column":19},"end":{"line":690,"column":null}},"177":{"start":{"line":692,"column":4},"end":{"line":692,"column":27}},"178":{"start":{"line":702,"column":15},"end":{"line":702,"column":27}},"179":{"start":{"line":703,"column":19},"end":{"line":705,"column":null}},"180":{"start":{"line":707,"column":4},"end":{"line":707,"column":34}},"181":{"start":{"line":711,"column":15},"end":{"line":711,"column":27}},"182":{"start":{"line":712,"column":4},"end":{"line":715,"column":6}},"183":{"start":{"line":719,"column":15},"end":{"line":719,"column":27}},"184":{"start":{"line":720,"column":4},"end":{"line":720,"column":62}},"185":{"start":{"line":724,"column":15},"end":{"line":724,"column":27}},"186":{"start":{"line":725,"column":20},"end":{"line":727,"column":null}},"187":{"start":{"line":729,"column":4},"end":{"line":729,"column":18}},"188":{"start":{"line":734,"column":15},"end":{"line":734,"column":27}},"189":{"start":{"line":735,"column":4},"end":{"line":738,"column":6}},"190":{"start":{"line":740,"column":4},"end":{"line":742,"column":6}},"191":{"start":{"line":746,"column":15},"end":{"line":746,"column":27}},"192":{"start":{"line":747,"column":16},"end":{"line":747,"column":46}},"193":{"start":{"line":748,"column":26},"end":{"line":748,"column":28}},"194":{"start":{"line":750,"column":4},"end":{"line":753,"column":5}},"195":{"start":{"line":751,"column":6},"end":{"line":751,"column":33}},"196":{"start":{"line":752,"column":6},"end":{"line":752,"column":24}},"197":{"start":{"line":755,"column":4},"end":{"line":755,"column":50}},"198":{"start":{"line":757,"column":20},"end":{"line":757,"column":55}},"199":{"start":{"line":758,"column":4},"end":{"line":758,"column":18}},"200":{"start":{"line":764,"column":15},"end":{"line":764,"column":27}},"201":{"start":{"line":765,"column":4},"end":{"line":772,"column":6}},"202":{"start":{"line":776,"column":15},"end":{"line":776,"column":27}},"203":{"start":{"line":777,"column":16},"end":{"line":779,"column":null}},"204":{"start":{"line":781,"column":4},"end":{"line":781,"column":47}},"205":{"start":{"line":785,"column":15},"end":{"line":785,"column":27}},"206":{"start":{"line":786,"column":19},"end":{"line":796,"column":6}},"207":{"start":{"line":797,"column":4},"end":{"line":797,"column":44}},"208":{"start":{"line":798,"column":4},"end":{"line":806,"column":5}},"209":{"start":{"line":799,"column":6},"end":{"line":801,"column":7}},"210":{"start":{"line":800,"column":8},"end":{"line":800,"column":50}},"211":{"start":{"line":802,"column":6},"end":{"line":802,"column":35}},"212":{"start":{"line":804,"column":6},"end":{"line":804,"column":37}},"213":{"start":{"line":805,"column":6},"end":{"line":805,"column":18}},"214":{"start":{"line":812,"column":15},"end":{"line":812,"column":27}},"215":{"start":{"line":813,"column":20},"end":{"line":813,"column":57}},"216":{"start":{"line":815,"column":4},"end":{"line":818,"column":6}},"217":{"start":{"line":820,"column":4},"end":{"line":824,"column":6}},"218":{"start":{"line":828,"column":15},"end":{"line":828,"column":27}},"219":{"start":{"line":829,"column":20},"end":{"line":831,"column":null}},"220":{"start":{"line":833,"column":4},"end":{"line":833,"column":18}},"221":{"start":{"line":837,"column":15},"end":{"line":837,"column":27}},"222":{"start":{"line":838,"column":4},"end":{"line":841,"column":6}},"223":{"start":{"line":845,"column":15},"end":{"line":845,"column":27}},"224":{"start":{"line":846,"column":4},"end":{"line":846,"column":73}},"225":{"start":{"line":850,"column":15},"end":{"line":850,"column":27}},"226":{"start":{"line":851,"column":4},"end":{"line":856,"column":6}},"227":{"start":{"line":860,"column":15},"end":{"line":860,"column":27}},"228":{"start":{"line":861,"column":17},"end":{"line":862,"column":null}},"229":{"start":{"line":864,"column":4},"end":{"line":864,"column":44}},"230":{"start":{"line":868,"column":13},"end":{"line":868,"column":53}}},"fnMap":{"0":{"name":"(anonymous_9)","decl":{"start":{"line":20,"column":2},"end":{"line":20,"column":7}},"loc":{"start":{"line":20,"column":12},"end":{"line":32,"column":3}}},"1":{"name":"(anonymous_10)","decl":{"start":{"line":34,"column":10},"end":{"line":34,"column":15}},"loc":{"start":{"line":34,"column":15},"end":{"line":39,"column":3}}},"2":{"name":"(anonymous_11)","decl":{"start":{"line":41,"column":10},"end":{"line":41,"column":15}},"loc":{"start":{"line":41,"column":31},"end":{"line":52,"column":3}}},"3":{"name":"(anonymous_12)","decl":{"start":{"line":54,"column":10},"end":{"line":54,"column":15}},"loc":{"start":{"line":54,"column":30},"end":{"line":71,"column":3}}},"4":{"name":"(anonymous_13)","decl":{"start":{"line":63,"column":38},"end":{"line":63,"column":39}},"loc":{"start":{"line":63,"column":50},"end":{"line":63,"column":70}}},"5":{"name":"(anonymous_14)","decl":{"start":{"line":73,"column":10},"end":{"line":73,"column":15}},"loc":{"start":{"line":73,"column":35},"end":{"line":204,"column":3}}},"6":{"name":"(anonymous_15)","decl":{"start":{"line":206,"column":10},"end":{"line":206,"column":15}},"loc":{"start":{"line":206,"column":37},"end":{"line":299,"column":3}}},"7":{"name":"(anonymous_16)","decl":{"start":{"line":301,"column":10},"end":{"line":301,"column":15}},"loc":{"start":{"line":301,"column":29},"end":{"line":322,"column":3}}},"8":{"name":"(anonymous_17)","decl":{"start":{"line":324,"column":10},"end":{"line":324,"column":15}},"loc":{"start":{"line":324,"column":46},"end":{"line":327,"column":3}}},"9":{"name":"(anonymous_18)","decl":{"start":{"line":331,"column":2},"end":{"line":331,"column":7}},"loc":{"start":{"line":331,"column":37},"end":{"line":368,"column":3}}},"10":{"name":"(anonymous_19)","decl":{"start":{"line":370,"column":2},"end":{"line":370,"column":7}},"loc":{"start":{"line":370,"column":41},"end":{"line":385,"column":3}}},"11":{"name":"(anonymous_20)","decl":{"start":{"line":387,"column":2},"end":{"line":387,"column":7}},"loc":{"start":{"line":387,"column":39},"end":{"line":399,"column":3}}},"12":{"name":"(anonymous_21)","decl":{"start":{"line":394,"column":33},"end":{"line":394,"column":36}},"loc":{"start":{"line":394,"column":39},"end":{"line":394,"column":42}}},"13":{"name":"(anonymous_22)","decl":{"start":{"line":401,"column":2},"end":{"line":401,"column":7}},"loc":{"start":{"line":401,"column":49},"end":{"line":417,"column":3}}},"14":{"name":"(anonymous_23)","decl":{"start":{"line":419,"column":2},"end":{"line":419,"column":7}},"loc":{"start":{"line":419,"column":31},"end":{"line":425,"column":3}}},"15":{"name":"(anonymous_24)","decl":{"start":{"line":427,"column":2},"end":{"line":427,"column":7}},"loc":{"start":{"line":427,"column":34},"end":{"line":443,"column":3}}},"16":{"name":"(anonymous_25)","decl":{"start":{"line":445,"column":2},"end":{"line":445,"column":7}},"loc":{"start":{"line":445,"column":44},"end":{"line":452,"column":3}}},"17":{"name":"(anonymous_26)","decl":{"start":{"line":456,"column":2},"end":{"line":456,"column":7}},"loc":{"start":{"line":456,"column":43},"end":{"line":478,"column":3}}},"18":{"name":"(anonymous_27)","decl":{"start":{"line":480,"column":2},"end":{"line":480,"column":7}},"loc":{"start":{"line":480,"column":47},"end":{"line":495,"column":3}}},"19":{"name":"(anonymous_28)","decl":{"start":{"line":497,"column":2},"end":{"line":497,"column":7}},"loc":{"start":{"line":497,"column":19},"end":{"line":503,"column":3}}},"20":{"name":"(anonymous_29)","decl":{"start":{"line":505,"column":2},"end":{"line":505,"column":7}},"loc":{"start":{"line":505,"column":36},"end":{"line":513,"column":3}}},"21":{"name":"(anonymous_30)","decl":{"start":{"line":517,"column":2},"end":{"line":517,"column":7}},"loc":{"start":{"line":522,"column":3},"end":{"line":571,"column":3}}},"22":{"name":"(anonymous_31)","decl":{"start":{"line":573,"column":2},"end":{"line":573,"column":7}},"loc":{"start":{"line":573,"column":59},"end":{"line":590,"column":3}}},"23":{"name":"(anonymous_32)","decl":{"start":{"line":592,"column":2},"end":{"line":592,"column":7}},"loc":{"start":{"line":592,"column":35},"end":{"line":599,"column":3}}},"24":{"name":"(anonymous_33)","decl":{"start":{"line":601,"column":2},"end":{"line":601,"column":7}},"loc":{"start":{"line":605,"column":22},"end":{"line":629,"column":3}}},"25":{"name":"(anonymous_34)","decl":{"start":{"line":631,"column":2},"end":{"line":631,"column":7}},"loc":{"start":{"line":631,"column":56},"end":{"line":645,"column":3}}},"26":{"name":"(anonymous_35)","decl":{"start":{"line":647,"column":2},"end":{"line":647,"column":7}},"loc":{"start":{"line":647,"column":42},"end":{"line":653,"column":3}}},"27":{"name":"(anonymous_36)","decl":{"start":{"line":655,"column":2},"end":{"line":655,"column":7}},"loc":{"start":{"line":655,"column":41},"end":{"line":658,"column":3}}},"28":{"name":"(anonymous_37)","decl":{"start":{"line":660,"column":2},"end":{"line":660,"column":7}},"loc":{"start":{"line":660,"column":38},"end":{"line":668,"column":3}}},"29":{"name":"(anonymous_38)","decl":{"start":{"line":670,"column":2},"end":{"line":670,"column":7}},"loc":{"start":{"line":670,"column":30},"end":{"line":676,"column":3}}},"30":{"name":"(anonymous_39)","decl":{"start":{"line":678,"column":2},"end":{"line":678,"column":7}},"loc":{"start":{"line":678,"column":54},"end":{"line":684,"column":3}}},"31":{"name":"(anonymous_40)","decl":{"start":{"line":686,"column":2},"end":{"line":686,"column":7}},"loc":{"start":{"line":686,"column":50},"end":{"line":693,"column":3}}},"32":{"name":"(anonymous_41)","decl":{"start":{"line":697,"column":2},"end":{"line":697,"column":7}},"loc":{"start":{"line":700,"column":19},"end":{"line":708,"column":3}}},"33":{"name":"(anonymous_42)","decl":{"start":{"line":710,"column":2},"end":{"line":710,"column":7}},"loc":{"start":{"line":710,"column":46},"end":{"line":716,"column":3}}},"34":{"name":"(anonymous_43)","decl":{"start":{"line":718,"column":2},"end":{"line":718,"column":7}},"loc":{"start":{"line":718,"column":29},"end":{"line":721,"column":3}}},"35":{"name":"(anonymous_44)","decl":{"start":{"line":723,"column":2},"end":{"line":723,"column":7}},"loc":{"start":{"line":723,"column":48},"end":{"line":730,"column":3}}},"36":{"name":"(anonymous_45)","decl":{"start":{"line":733,"column":2},"end":{"line":733,"column":7}},"loc":{"start":{"line":733,"column":52},"end":{"line":743,"column":3}}},"37":{"name":"(anonymous_46)","decl":{"start":{"line":745,"column":2},"end":{"line":745,"column":7}},"loc":{"start":{"line":745,"column":38},"end":{"line":759,"column":3}}},"38":{"name":"(anonymous_47)","decl":{"start":{"line":763,"column":2},"end":{"line":763,"column":7}},"loc":{"start":{"line":763,"column":58},"end":{"line":773,"column":3}}},"39":{"name":"(anonymous_48)","decl":{"start":{"line":775,"column":2},"end":{"line":775,"column":7}},"loc":{"start":{"line":775,"column":37},"end":{"line":782,"column":3}}},"40":{"name":"(anonymous_49)","decl":{"start":{"line":784,"column":2},"end":{"line":784,"column":7}},"loc":{"start":{"line":784,"column":20},"end":{"line":807,"column":3}}},"41":{"name":"(anonymous_50)","decl":{"start":{"line":811,"column":2},"end":{"line":811,"column":7}},"loc":{"start":{"line":811,"column":58},"end":{"line":825,"column":3}}},"42":{"name":"(anonymous_51)","decl":{"start":{"line":827,"column":2},"end":{"line":827,"column":7}},"loc":{"start":{"line":827,"column":35},"end":{"line":834,"column":3}}},"43":{"name":"(anonymous_52)","decl":{"start":{"line":836,"column":2},"end":{"line":836,"column":7}},"loc":{"start":{"line":836,"column":42},"end":{"line":842,"column":3}}},"44":{"name":"(anonymous_53)","decl":{"start":{"line":844,"column":2},"end":{"line":844,"column":7}},"loc":{"start":{"line":844,"column":41},"end":{"line":847,"column":3}}},"45":{"name":"(anonymous_54)","decl":{"start":{"line":849,"column":2},"end":{"line":849,"column":7}},"loc":{"start":{"line":849,"column":38},"end":{"line":857,"column":3}}},"46":{"name":"(anonymous_55)","decl":{"start":{"line":859,"column":2},"end":{"line":859,"column":7}},"loc":{"start":{"line":859,"column":26},"end":{"line":865,"column":3}}}},"branchMap":{"0":{"loc":{"start":{"line":35,"column":4},"end":{"line":37,"column":5}},"type":"if","locations":[{"start":{"line":35,"column":4},"end":{"line":37,"column":5}},{"start":{},"end":{}}]},"1":{"loc":{"start":{"line":45,"column":4},"end":{"line":49,"column":5}},"type":"if","locations":[{"start":{"line":45,"column":4},"end":{"line":49,"column":5}},{"start":{"line":47,"column":11},"end":{"line":49,"column":5}}]},"2":{"loc":{"start":{"line":60,"column":6},"end":{"line":62,"column":7}},"type":"if","locations":[{"start":{"line":60,"column":6},"end":{"line":62,"column":7}},{"start":{},"end":{}}]},"3":{"loc":{"start":{"line":60,"column":10},"end":{"line":60,"column":46}},"type":"binary-expr","locations":[{"start":{"line":60,"column":10},"end":{"line":60,"column":20}},{"start":{"line":60,"column":24},"end":{"line":60,"column":46}}]},"4":{"loc":{"start":{"line":64,"column":6},"end":{"line":66,"column":7}},"type":"if","locations":[{"start":{"line":64,"column":6},"end":{"line":66,"column":7}},{"start":{},"end":{}}]},"5":{"loc":{"start":{"line":67,"column":20},"end":{"line":67,"column":39}},"type":"binary-expr","locations":[{"start":{"line":67,"column":20},"end":{"line":67,"column":33}},{"start":{"line":67,"column":37},"end":{"line":67,"column":39}}]},"6":{"loc":{"start":{"line":111,"column":12},"end":{"line":111,"column":30}},"type":"binary-expr","locations":[{"start":{"line":111,"column":12},"end":{"line":111,"column":22}},{"start":{"line":111,"column":26},"end":{"line":111,"column":30}}]},"7":{"loc":{"start":{"line":113,"column":12},"end":{"line":113,"column":38}},"type":"binary-expr","locations":[{"start":{"line":113,"column":12},"end":{"line":113,"column":30}},{"start":{"line":113,"column":34},"end":{"line":113,"column":38}}]},"8":{"loc":{"start":{"line":116,"column":12},"end":{"line":116,"column":35}},"type":"binary-expr","locations":[{"start":{"line":116,"column":12},"end":{"line":116,"column":27}},{"start":{"line":116,"column":31},"end":{"line":116,"column":35}}]},"9":{"loc":{"start":{"line":117,"column":12},"end":{"line":117,"column":37}},"type":"binary-expr","locations":[{"start":{"line":117,"column":12},"end":{"line":117,"column":29}},{"start":{"line":117,"column":33},"end":{"line":117,"column":37}}]},"10":{"loc":{"start":{"line":118,"column":12},"end":{"line":118,"column":43}},"type":"binary-expr","locations":[{"start":{"line":118,"column":12},"end":{"line":118,"column":35}},{"start":{"line":118,"column":39},"end":{"line":118,"column":43}}]},"11":{"loc":{"start":{"line":119,"column":12},"end":{"line":119,"column":36}},"type":"binary-expr","locations":[{"start":{"line":119,"column":12},"end":{"line":119,"column":28}},{"start":{"line":119,"column":32},"end":{"line":119,"column":36}}]},"12":{"loc":{"start":{"line":120,"column":12},"end":{"line":120,"column":37}},"type":"binary-expr","locations":[{"start":{"line":120,"column":12},"end":{"line":120,"column":29}},{"start":{"line":120,"column":33},"end":{"line":120,"column":37}}]},"13":{"loc":{"start":{"line":121,"column":12},"end":{"line":121,"column":40}},"type":"binary-expr","locations":[{"start":{"line":121,"column":12},"end":{"line":121,"column":32}},{"start":{"line":121,"column":36},"end":{"line":121,"column":40}}]},"14":{"loc":{"start":{"line":122,"column":12},"end":{"line":122,"column":38}},"type":"cond-expr","locations":[{"start":{"line":122,"column":33},"end":{"line":122,"column":34}},{"start":{"line":122,"column":37},"end":{"line":122,"column":38}}]},"15":{"loc":{"start":{"line":123,"column":12},"end":{"line":123,"column":35}},"type":"binary-expr","locations":[{"start":{"line":123,"column":12},"end":{"line":123,"column":27}},{"start":{"line":123,"column":31},"end":{"line":123,"column":35}}]},"16":{"loc":{"start":{"line":135,"column":12},"end":{"line":135,"column":36}},"type":"binary-expr","locations":[{"start":{"line":135,"column":12},"end":{"line":135,"column":28}},{"start":{"line":135,"column":32},"end":{"line":135,"column":36}}]},"17":{"loc":{"start":{"line":136,"column":12},"end":{"line":136,"column":36}},"type":"binary-expr","locations":[{"start":{"line":136,"column":12},"end":{"line":136,"column":28}},{"start":{"line":136,"column":32},"end":{"line":136,"column":36}}]},"18":{"loc":{"start":{"line":137,"column":12},"end":{"line":137,"column":37}},"type":"binary-expr","locations":[{"start":{"line":137,"column":12},"end":{"line":137,"column":29}},{"start":{"line":137,"column":33},"end":{"line":137,"column":37}}]},"19":{"loc":{"start":{"line":138,"column":12},"end":{"line":138,"column":40}},"type":"cond-expr","locations":[{"start":{"line":138,"column":35},"end":{"line":138,"column":36}},{"start":{"line":138,"column":39},"end":{"line":138,"column":40}}]},"20":{"loc":{"start":{"line":139,"column":12},"end":{"line":139,"column":37}},"type":"binary-expr","locations":[{"start":{"line":139,"column":12},"end":{"line":139,"column":29}},{"start":{"line":139,"column":33},"end":{"line":139,"column":37}}]},"21":{"loc":{"start":{"line":151,"column":12},"end":{"line":151,"column":40}},"type":"binary-expr","locations":[{"start":{"line":151,"column":12},"end":{"line":151,"column":35}},{"start":{"line":151,"column":39},"end":{"line":151,"column":40}}]},"22":{"loc":{"start":{"line":162,"column":19},"end":{"line":162,"column":65}},"type":"binary-expr","locations":[{"start":{"line":162,"column":19},"end":{"line":162,"column":35}},{"start":{"line":162,"column":39},"end":{"line":162,"column":54}},{"start":{"line":162,"column":58},"end":{"line":162,"column":65}}]},"23":{"loc":{"start":{"line":163,"column":12},"end":{"line":163,"column":41}},"type":"cond-expr","locations":[{"start":{"line":163,"column":36},"end":{"line":163,"column":37}},{"start":{"line":163,"column":40},"end":{"line":163,"column":41}}]},"24":{"loc":{"start":{"line":165,"column":12},"end":{"line":165,"column":59}},"type":"binary-expr","locations":[{"start":{"line":165,"column":12},"end":{"line":165,"column":31}},{"start":{"line":165,"column":35},"end":{"line":165,"column":59}}]},"25":{"loc":{"start":{"line":166,"column":12},"end":{"line":166,"column":82}},"type":"binary-expr","locations":[{"start":{"line":166,"column":12},"end":{"line":166,"column":31}},{"start":{"line":166,"column":35},"end":{"line":166,"column":54}},{"start":{"line":166,"column":58},"end":{"line":166,"column":82}}]},"26":{"loc":{"start":{"line":177,"column":19},"end":{"line":177,"column":57}},"type":"binary-expr","locations":[{"start":{"line":177,"column":19},"end":{"line":177,"column":31}},{"start":{"line":177,"column":35},"end":{"line":177,"column":46}},{"start":{"line":177,"column":50},"end":{"line":177,"column":57}}]},"27":{"loc":{"start":{"line":179,"column":12},"end":{"line":179,"column":37}},"type":"cond-expr","locations":[{"start":{"line":179,"column":32},"end":{"line":179,"column":33}},{"start":{"line":179,"column":36},"end":{"line":179,"column":37}}]},"28":{"loc":{"start":{"line":180,"column":12},"end":{"line":180,"column":55}},"type":"binary-expr","locations":[{"start":{"line":180,"column":12},"end":{"line":180,"column":27}},{"start":{"line":180,"column":31},"end":{"line":180,"column":55}}]},"29":{"loc":{"start":{"line":181,"column":12},"end":{"line":181,"column":74}},"type":"binary-expr","locations":[{"start":{"line":181,"column":12},"end":{"line":181,"column":27}},{"start":{"line":181,"column":31},"end":{"line":181,"column":46}},{"start":{"line":181,"column":50},"end":{"line":181,"column":74}}]},"30":{"loc":{"start":{"line":192,"column":12},"end":{"line":192,"column":56}},"type":"binary-expr","locations":[{"start":{"line":192,"column":12},"end":{"line":192,"column":28}},{"start":{"line":192,"column":32},"end":{"line":192,"column":56}}]},"31":{"loc":{"start":{"line":193,"column":12},"end":{"line":193,"column":38}},"type":"binary-expr","locations":[{"start":{"line":193,"column":12},"end":{"line":193,"column":25}},{"start":{"line":193,"column":29},"end":{"line":193,"column":38}}]},"32":{"loc":{"start":{"line":353,"column":8},"end":{"line":353,"column":26}},"type":"binary-expr","locations":[{"start":{"line":353,"column":8},"end":{"line":353,"column":18}},{"start":{"line":353,"column":22},"end":{"line":353,"column":26}}]},"33":{"loc":{"start":{"line":355,"column":8},"end":{"line":355,"column":34}},"type":"binary-expr","locations":[{"start":{"line":355,"column":8},"end":{"line":355,"column":26}},{"start":{"line":355,"column":30},"end":{"line":355,"column":34}}]},"34":{"loc":{"start":{"line":358,"column":8},"end":{"line":358,"column":31}},"type":"binary-expr","locations":[{"start":{"line":358,"column":8},"end":{"line":358,"column":23}},{"start":{"line":358,"column":27},"end":{"line":358,"column":31}}]},"35":{"loc":{"start":{"line":359,"column":8},"end":{"line":359,"column":33}},"type":"binary-expr","locations":[{"start":{"line":359,"column":8},"end":{"line":359,"column":25}},{"start":{"line":359,"column":29},"end":{"line":359,"column":33}}]},"36":{"loc":{"start":{"line":360,"column":8},"end":{"line":360,"column":39}},"type":"binary-expr","locations":[{"start":{"line":360,"column":8},"end":{"line":360,"column":31}},{"start":{"line":360,"column":35},"end":{"line":360,"column":39}}]},"37":{"loc":{"start":{"line":361,"column":8},"end":{"line":361,"column":32}},"type":"binary-expr","locations":[{"start":{"line":361,"column":8},"end":{"line":361,"column":24}},{"start":{"line":361,"column":28},"end":{"line":361,"column":32}}]},"38":{"loc":{"start":{"line":362,"column":8},"end":{"line":362,"column":33}},"type":"binary-expr","locations":[{"start":{"line":362,"column":8},"end":{"line":362,"column":25}},{"start":{"line":362,"column":29},"end":{"line":362,"column":33}}]},"39":{"loc":{"start":{"line":363,"column":8},"end":{"line":363,"column":36}},"type":"binary-expr","locations":[{"start":{"line":363,"column":8},"end":{"line":363,"column":28}},{"start":{"line":363,"column":32},"end":{"line":363,"column":36}}]},"40":{"loc":{"start":{"line":364,"column":8},"end":{"line":364,"column":28}},"type":"cond-expr","locations":[{"start":{"line":364,"column":23},"end":{"line":364,"column":24}},{"start":{"line":364,"column":27},"end":{"line":364,"column":28}}]},"41":{"loc":{"start":{"line":365,"column":8},"end":{"line":365,"column":51}},"type":"binary-expr","locations":[{"start":{"line":365,"column":8},"end":{"line":365,"column":23}},{"start":{"line":365,"column":27},"end":{"line":365,"column":51}}]},"42":{"loc":{"start":{"line":371,"column":4},"end":{"line":373,"column":5}},"type":"if","locations":[{"start":{"line":371,"column":4},"end":{"line":373,"column":5}},{"start":{},"end":{}}]},"43":{"loc":{"start":{"line":389,"column":4},"end":{"line":392,"column":5}},"type":"if","locations":[{"start":{"line":389,"column":4},"end":{"line":392,"column":5}},{"start":{},"end":{}}]},"44":{"loc":{"start":{"line":406,"column":4},"end":{"line":413,"column":5}},"type":"if","locations":[{"start":{"line":406,"column":4},"end":{"line":413,"column":5}},{"start":{},"end":{}}]},"45":{"loc":{"start":{"line":409,"column":6},"end":{"line":412,"column":7}},"type":"if","locations":[{"start":{"line":409,"column":6},"end":{"line":412,"column":7}},{"start":{},"end":{}}]},"46":{"loc":{"start":{"line":424,"column":12},"end":{"line":424,"column":38}},"type":"binary-expr","locations":[{"start":{"line":424,"column":12},"end":{"line":424,"column":30}},{"start":{"line":424,"column":34},"end":{"line":424,"column":38}}]},"47":{"loc":{"start":{"line":471,"column":8},"end":{"line":471,"column":32}},"type":"binary-expr","locations":[{"start":{"line":471,"column":8},"end":{"line":471,"column":24}},{"start":{"line":471,"column":28},"end":{"line":471,"column":32}}]},"48":{"loc":{"start":{"line":472,"column":8},"end":{"line":472,"column":32}},"type":"binary-expr","locations":[{"start":{"line":472,"column":8},"end":{"line":472,"column":24}},{"start":{"line":472,"column":28},"end":{"line":472,"column":32}}]},"49":{"loc":{"start":{"line":473,"column":8},"end":{"line":473,"column":33}},"type":"binary-expr","locations":[{"start":{"line":473,"column":8},"end":{"line":473,"column":25}},{"start":{"line":473,"column":29},"end":{"line":473,"column":33}}]},"50":{"loc":{"start":{"line":474,"column":8},"end":{"line":474,"column":30}},"type":"cond-expr","locations":[{"start":{"line":474,"column":25},"end":{"line":474,"column":26}},{"start":{"line":474,"column":29},"end":{"line":474,"column":30}}]},"51":{"loc":{"start":{"line":475,"column":8},"end":{"line":475,"column":53}},"type":"binary-expr","locations":[{"start":{"line":475,"column":8},"end":{"line":475,"column":25}},{"start":{"line":475,"column":29},"end":{"line":475,"column":53}}]},"52":{"loc":{"start":{"line":481,"column":4},"end":{"line":483,"column":5}},"type":"if","locations":[{"start":{"line":481,"column":4},"end":{"line":483,"column":5}},{"start":{},"end":{}}]},"53":{"loc":{"start":{"line":526,"column":4},"end":{"line":570,"column":5}},"type":"if","locations":[{"start":{"line":526,"column":4},"end":{"line":570,"column":5}},{"start":{"line":545,"column":11},"end":{"line":570,"column":5}}]},"54":{"loc":{"start":{"line":537,"column":10},"end":{"line":537,"column":31}},"type":"cond-expr","locations":[{"start":{"line":537,"column":26},"end":{"line":537,"column":27}},{"start":{"line":537,"column":30},"end":{"line":537,"column":31}}]},"55":{"loc":{"start":{"line":538,"column":10},"end":{"line":538,"column":45}},"type":"cond-expr","locations":[{"start":{"line":538,"column":26},"end":{"line":538,"column":34}},{"start":{"line":538,"column":37},"end":{"line":538,"column":45}}]},"56":{"loc":{"start":{"line":546,"column":6},"end":{"line":569,"column":7}},"type":"if","locations":[{"start":{"line":546,"column":6},"end":{"line":569,"column":7}},{"start":{"line":551,"column":13},"end":{"line":569,"column":7}}]},"57":{"loc":{"start":{"line":612,"column":17},"end":{"line":612,"column":54}},"type":"binary-expr","locations":[{"start":{"line":612,"column":17},"end":{"line":612,"column":26}},{"start":{"line":612,"column":30},"end":{"line":612,"column":54}}]},"58":{"loc":{"start":{"line":625,"column":8},"end":{"line":625,"column":46}},"type":"cond-expr","locations":[{"start":{"line":625,"column":27},"end":{"line":625,"column":35}},{"start":{"line":625,"column":38},"end":{"line":625,"column":46}}]},"59":{"loc":{"start":{"line":631,"column":46},"end":{"line":631,"column":56}},"type":"default-arg","locations":[{"start":{"line":631,"column":54},"end":{"line":631,"column":56}}]},"60":{"loc":{"start":{"line":637,"column":4},"end":{"line":641,"column":5}},"type":"if","locations":[{"start":{"line":637,"column":4},"end":{"line":641,"column":5}},{"start":{},"end":{}}]},"61":{"loc":{"start":{"line":675,"column":11},"end":{"line":675,"column":43}},"type":"cond-expr","locations":[{"start":{"line":675,"column":17},"end":{"line":675,"column":39}},{"start":{"line":675,"column":42},"end":{"line":675,"column":43}}]},"62":{"loc":{"start":{"line":675,"column":24},"end":{"line":675,"column":38}},"type":"binary-expr","locations":[{"start":{"line":675,"column":24},"end":{"line":675,"column":33}},{"start":{"line":675,"column":37},"end":{"line":675,"column":38}}]},"63":{"loc":{"start":{"line":750,"column":4},"end":{"line":753,"column":5}},"type":"if","locations":[{"start":{"line":750,"column":4},"end":{"line":753,"column":5}},{"start":{},"end":{}}]},"64":{"loc":{"start":{"line":781,"column":11},"end":{"line":781,"column":46}},"type":"cond-expr","locations":[{"start":{"line":781,"column":18},"end":{"line":781,"column":39}},{"start":{"line":781,"column":42},"end":{"line":781,"column":46}}]},"65":{"loc":{"start":{"line":827,"column":25},"end":{"line":827,"column":35}},"type":"default-arg","locations":[{"start":{"line":827,"column":33},"end":{"line":827,"column":35}}]},"66":{"loc":{"start":{"line":864,"column":11},"end":{"line":864,"column":43}},"type":"cond-expr","locations":[{"start":{"line":864,"column":17},"end":{"line":864,"column":39}},{"start":{"line":864,"column":42},"end":{"line":864,"column":43}}]},"67":{"loc":{"start":{"line":864,"column":24},"end":{"line":864,"column":38}},"type":"binary-expr","locations":[{"start":{"line":864,"column":24},"end":{"line":864,"column":33}},{"start":{"line":864,"column":37},"end":{"line":864,"column":38}}]}},"s":{"0":1,"1":1,"2":1,"3":1,"4":0,"5":0,"6":0,"7":0,"8":0,"9":0,"10":0,"11":0,"12":0,"13":0,"14":0,"15":0,"16":0,"17":0,"18":0,"19":0,"20":0,"21":0,"22":0,"23":0,"24":0,"25":0,"26":0,"27":0,"28":0,"29":0,"30":0,"31":0,"32":0,"33":0,"34":0,"35":0,"36":0,"37":0,"38":0,"39":0,"40":0,"41":0,"42":0,"43":0,"44":0,"45":0,"46":0,"47":0,"48":0,"49":0,"50":0,"51":0,"52":0,"53":0,"54":0,"55":0,"56":0,"57":0,"58":0,"59":0,"60":0,"61":0,"62":0,"63":0,"64":0,"65":0,"66":0,"67":0,"68":0,"69":0,"70":0,"71":0,"72":0,"73":0,"74":0,"75":0,"76":0,"77":0,"78":0,"79":0,"80":0,"81":0,"82":0,"83":0,"84":0,"85":0,"86":0,"87":0,"88":0,"89":0,"90":0,"91":0,"92":0,"93":0,"94":0,"95":0,"96":0,"97":0,"98":0,"99":0,"100":0,"101":0,"102":0,"103":0,"104":0,"105":0,"106":0,"107":0,"108":0,"109":0,"110":0,"111":0,"112":0,"113":0,"114":0,"115":0,"116":0,"117":0,"118":0,"119":0,"120":0,"121":0,"122":0,"123":0,"124":0,"125":0,"126":0,"127":0,"128":0,"129":0,"130":0,"131":0,"132":0,"133":0,"134":0,"135":0,"136":0,"137":0,"138":0,"139":0,"140":0,"141":0,"142":0,"143":0,"144":0,"145":0,"146":0,"147":0,"148":0,"149":0,"150":0,"151":0,"152":0,"153":0,"154":0,"155":0,"156":0,"157":0,"158":0,"159":0,"160":0,"161":0,"162":0,"163":0,"164":0,"165":0,"166":0,"167":0,"168":0,"169":0,"170":0,"171":0,"172":0,"173":0,"174":0,"175":0,"176":0,"177":0,"178":0,"179":0,"180":0,"181":0,"182":0,"183":0,"184":0,"185":0,"186":0,"187":0,"188":0,"189":0,"190":0,"191":0,"192":0,"193":0,"194":0,"195":0,"196":0,"197":0,"198":0,"199":0,"200":0,"201":0,"202":0,"203":0,"204":0,"205":0,"206":0,"207":0,"208":0,"209":0,"210":0,"211":0,"212":0,"213":0,"214":0,"215":0,"216":0,"217":0,"218":0,"219":0,"220":0,"221":0,"222":0,"223":0,"224":0,"225":0,"226":0,"227":0,"228":0,"229":0,"230":1},"f":{"0":0,"1":0,"2":0,"3":0,"4":0,"5":0,"6":0,"7":0,"8":0,"9":0,"10":0,"11":0,"12":0,"13":0,"14":0,"15":0,"16":0,"17":0,"18":0,"19":0,"20":0,"21":0,"22":0,"23":0,"24":0,"25":0,"26":0,"27":0,"28":0,"29":0,"30":0,"31":0,"32":0,"33":0,"34":0,"35":0,"36":0,"37":0,"38":0,"39":0,"40":0,"41":0,"42":0,"43":0,"44":0,"45":0,"46":0},"b":{"0":[0,0],"1":[0,0],"2":[0,0],"3":[0,0],"4":[0,0],"5":[0,0],"6":[0,0],"7":[0,0],"8":[0,0],"9":[0,0],"10":[0,0],"11":[0,0],"12":[0,0],"13":[0,0],"14":[0,0],"15":[0,0],"16":[0,0],"17":[0,0],"18":[0,0],"19":[0,0],"20":[0,0],"21":[0,0],"22":[0,0,0],"23":[0,0],"24":[0,0],"25":[0,0,0],"26":[0,0,0],"27":[0,0],"28":[0,0],"29":[0,0,0],"30":[0,0],"31":[0,0],"32":[0,0],"33":[0,0],"34":[0,0],"35":[0,0],"36":[0,0],"37":[0,0],"38":[0,0],"39":[0,0],"40":[0,0],"41":[0,0],"42":[0,0],"43":[0,0],"44":[0,0],"45":[0,0],"46":[0,0],"47":[0,0],"48":[0,0],"49":[0,0],"50":[0,0],"51":[0,0],"52":[0,0],"53":[0,0],"54":[0,0],"55":[0,0],"56":[0,0],"57":[0,0],"58":[0,0],"59":[0],"60":[0,0],"61":[0,0],"62":[0,0],"63":[0,0],"64":[0,0],"65":[0],"66":[0,0],"67":[0,0]}}
,"/home/runner/work/appunture-dev/appunture-dev/frontend-mobile/appunture/services/firebase.ts": {"path":"/home/runner/work/appunture-dev/appunture-dev/frontend-mobile/appunture/services/firebase.ts","statementMap":{"0":{"start":{"line":1,"column":0},"end":{"line":1,"column":62}},"1":{"start":{"line":2,"column":0},"end":{"line":2,"column":40}},"2":{"start":{"line":3,"column":0},"end":{"line":3,"column":50}},"3":{"start":{"line":4,"column":0},"end":{"line":4,"column":46}},"4":{"start":{"line":5,"column":0},"end":{"line":5,"column":61}},"5":{"start":{"line":10,"column":20},"end":{"line":10,"column":84}},"6":{"start":{"line":16,"column":9},"end":{"line":16,"column":20}},"7":{"start":{"line":12,"column":13},"end":{"line":12,"column":49}},"8":{"start":{"line":13,"column":13},"end":{"line":13,"column":59}},"9":{"start":{"line":14,"column":13},"end":{"line":14,"column":55}}},"fnMap":{},"branchMap":{"0":{"loc":{"start":{"line":10,"column":20},"end":{"line":10,"column":84}},"type":"cond-expr","locations":[{"start":{"line":10,"column":39},"end":{"line":10,"column":47}},{"start":{"line":10,"column":50},"end":{"line":10,"column":84}}]}},"s":{"0":1,"1":1,"2":1,"3":1,"4":1,"5":1,"6":1,"7":1,"8":1,"9":1},"f":{},"b":{"0":[0,1]}}
,"/home/runner/work/appunture-dev/appunture-dev/frontend-mobile/appunture/services/nlp.ts": {"path":"/home/runner/work/appunture-dev/appunture-dev/frontend-mobile/appunture/services/nlp.ts","statementMap":{"0":{"start":{"line":1,"column":0},"end":{"line":1,"column":27}},"1":{"start":{"line":3,"column":0},"end":{"line":3,"column":49}},"2":{"start":{"line":18,"column":52},"end":{"line":18,"column":56}},"3":{"start":{"line":19,"column":48},"end":{"line":19,"column":52}},"4":{"start":{"line":23,"column":20},"end":{"line":32,"column":6}},"5":{"start":{"line":34,"column":4},"end":{"line":34,"column":52}},"6":{"start":{"line":38,"column":20},"end":{"line":49,"column":6}},"7":{"start":{"line":51,"column":4},"end":{"line":51,"column":48}},"8":{"start":{"line":56,"column":4},"end":{"line":56,"column":38}},"9":{"start":{"line":56,"column":28},"end":{"line":56,"column":38}},"10":{"start":{"line":58,"column":28},"end":{"line":58,"column":48}},"11":{"start":{"line":59,"column":20},"end":{"line":59,"column":61}},"12":{"start":{"line":61,"column":4},"end":{"line":65,"column":8}},"13":{"start":{"line":61,"column":36},"end":{"line":65,"column":6}},"14":{"start":{"line":70,"column":4},"end":{"line":70,"column":36}},"15":{"start":{"line":70,"column":26},"end":{"line":70,"column":36}},"16":{"start":{"line":72,"column":28},"end":{"line":72,"column":48}},"17":{"start":{"line":73,"column":20},"end":{"line":73,"column":59}},"18":{"start":{"line":75,"column":4},"end":{"line":79,"column":8}},"19":{"start":{"line":75,"column":36},"end":{"line":79,"column":6}},"20":{"start":{"line":88,"column":28},"end":{"line":88,"column":48}},"21":{"start":{"line":91,"column":4},"end":{"line":91,"column":66}},"22":{"start":{"line":91,"column":28},"end":{"line":91,"column":66}},"23":{"start":{"line":92,"column":4},"end":{"line":92,"column":60}},"24":{"start":{"line":92,"column":26},"end":{"line":92,"column":60}},"25":{"start":{"line":95,"column":4},"end":{"line":106,"column":5}},"26":{"start":{"line":96,"column":6},"end":{"line":105,"column":8}},"27":{"start":{"line":109,"column":4},"end":{"line":120,"column":5}},"28":{"start":{"line":110,"column":6},"end":{"line":119,"column":8}},"29":{"start":{"line":123,"column":27},"end":{"line":123,"column":63}},"30":{"start":{"line":124,"column":25},"end":{"line":124,"column":59}},"31":{"start":{"line":127,"column":4},"end":{"line":138,"column":5}},"32":{"start":{"line":128,"column":25},"end":{"line":128,"column":47}},"33":{"start":{"line":129,"column":28},"end":{"line":129,"column":72}},"34":{"start":{"line":131,"column":6},"end":{"line":137,"column":8}},"35":{"start":{"line":135,"column":22},"end":{"line":135,"column":49}},"36":{"start":{"line":141,"column":4},"end":{"line":158,"column":5}},"37":{"start":{"line":142,"column":23},"end":{"line":142,"column":43}},"38":{"start":{"line":144,"column":6},"end":{"line":157,"column":8}},"39":{"start":{"line":161,"column":4},"end":{"line":170,"column":6}},"40":{"start":{"line":175,"column":22},"end":{"line":187,"column":6}},"41":{"start":{"line":189,"column":4},"end":{"line":189,"column":66}},"42":{"start":{"line":189,"column":40},"end":{"line":189,"column":64}},"43":{"start":{"line":194,"column":25},"end":{"line":204,"column":6}},"44":{"start":{"line":206,"column":4},"end":{"line":206,"column":67}},"45":{"start":{"line":206,"column":42},"end":{"line":206,"column":65}},"46":{"start":{"line":214,"column":24},"end":{"line":214,"column":51}},"47":{"start":{"line":216,"column":4},"end":{"line":225,"column":7}},"48":{"start":{"line":217,"column":26},"end":{"line":217,"column":64}},"49":{"start":{"line":218,"column":24},"end":{"line":218,"column":60}},"50":{"start":{"line":220,"column":6},"end":{"line":224,"column":8}},"51":{"start":{"line":230,"column":57},"end":{"line":237,"column":6}},"52":{"start":{"line":239,"column":4},"end":{"line":243,"column":5}},"53":{"start":{"line":240,"column":6},"end":{"line":242,"column":7}},"54":{"start":{"line":241,"column":8},"end":{"line":241,"column":66}},"55":{"start":{"line":241,"column":38},"end":{"line":241,"column":64}},"56":{"start":{"line":245,"column":4},"end":{"line":245,"column":17}},"57":{"start":{"line":250,"column":25},"end":{"line":297,"column":6}},"58":{"start":{"line":299,"column":27},"end":{"line":299,"column":46}},"59":{"start":{"line":300,"column":4},"end":{"line":300,"column":72}},"60":{"start":{"line":300,"column":41},"end":{"line":300,"column":70}},"61":{"start":{"line":309,"column":4},"end":{"line":309,"column":36}},"62":{"start":{"line":309,"column":26},"end":{"line":309,"column":36}},"63":{"start":{"line":311,"column":28},"end":{"line":311,"column":48}},"64":{"start":{"line":312,"column":34},"end":{"line":312,"column":36}},"65":{"start":{"line":315,"column":4},"end":{"line":319,"column":7}},"66":{"start":{"line":316,"column":6},"end":{"line":318,"column":7}},"67":{"start":{"line":317,"column":8},"end":{"line":317,"column":39}},"68":{"start":{"line":322,"column":4},"end":{"line":329,"column":7}},"69":{"start":{"line":323,"column":6},"end":{"line":328,"column":7}},"70":{"start":{"line":327,"column":8},"end":{"line":327,"column":37}},"71":{"start":{"line":332,"column":22},"end":{"line":332,"column":65}},"72":{"start":{"line":332,"column":52},"end":{"line":332,"column":62}},"73":{"start":{"line":333,"column":4},"end":{"line":337,"column":7}},"74":{"start":{"line":334,"column":6},"end":{"line":336,"column":7}},"75":{"start":{"line":335,"column":8},"end":{"line":335,"column":35}},"76":{"start":{"line":339,"column":4},"end":{"line":339,"column":35}},"77":{"start":{"line":343,"column":13},"end":{"line":343,"column":43}}},"fnMap":{"0":{"name":"(anonymous_1)","decl":{"start":{"line":22,"column":2},"end":{"line":22,"column":24}},"loc":{"start":{"line":22,"column":49},"end":{"line":35,"column":3}}},"1":{"name":"(anonymous_2)","decl":{"start":{"line":37,"column":2},"end":{"line":37,"column":22}},"loc":{"start":{"line":37,"column":43},"end":{"line":52,"column":3}}},"2":{"name":"(anonymous_3)","decl":{"start":{"line":55,"column":2},"end":{"line":55,"column":16}},"loc":{"start":{"line":55,"column":30},"end":{"line":66,"column":3}}},"3":{"name":"(anonymous_4)","decl":{"start":{"line":61,"column":23},"end":{"line":61,"column":24}},"loc":{"start":{"line":61,"column":36},"end":{"line":65,"column":6}}},"4":{"name":"(anonymous_5)","decl":{"start":{"line":69,"column":2},"end":{"line":69,"column":14}},"loc":{"start":{"line":69,"column":28},"end":{"line":80,"column":3}}},"5":{"name":"(anonymous_6)","decl":{"start":{"line":75,"column":23},"end":{"line":75,"column":24}},"loc":{"start":{"line":75,"column":36},"end":{"line":79,"column":6}}},"6":{"name":"(anonymous_7)","decl":{"start":{"line":83,"column":2},"end":{"line":83,"column":18}},"loc":{"start":{"line":86,"column":24},"end":{"line":171,"column":3}}},"7":{"name":"(anonymous_8)","decl":{"start":{"line":135,"column":15},"end":{"line":135,"column":16}},"loc":{"start":{"line":135,"column":22},"end":{"line":135,"column":49}}},"8":{"name":"(anonymous_9)","decl":{"start":{"line":174,"column":10},"end":{"line":174,"column":20}},"loc":{"start":{"line":174,"column":34},"end":{"line":190,"column":3}}},"9":{"name":"(anonymous_10)","decl":{"start":{"line":189,"column":26},"end":{"line":189,"column":27}},"loc":{"start":{"line":189,"column":40},"end":{"line":189,"column":64}}},"10":{"name":"(anonymous_11)","decl":{"start":{"line":193,"column":10},"end":{"line":193,"column":21}},"loc":{"start":{"line":193,"column":35},"end":{"line":207,"column":3}}},"11":{"name":"(anonymous_12)","decl":{"start":{"line":206,"column":29},"end":{"line":206,"column":30}},"loc":{"start":{"line":206,"column":42},"end":{"line":206,"column":65}}},"12":{"name":"(anonymous_13)","decl":{"start":{"line":210,"column":10},"end":{"line":210,"column":29}},"loc":{"start":{"line":212,"column":24},"end":{"line":226,"column":3}}},"13":{"name":"(anonymous_14)","decl":{"start":{"line":216,"column":25},"end":{"line":216,"column":26}},"loc":{"start":{"line":216,"column":35},"end":{"line":225,"column":5}}},"14":{"name":"(anonymous_15)","decl":{"start":{"line":229,"column":10},"end":{"line":229,"column":26}},"loc":{"start":{"line":229,"column":63},"end":{"line":246,"column":3}}},"15":{"name":"(anonymous_16)","decl":{"start":{"line":241,"column":28},"end":{"line":241,"column":29}},"loc":{"start":{"line":241,"column":38},"end":{"line":241,"column":64}}},"16":{"nam
[...]
line":243,"column":10},"end":{"line":257,"column":11}},"106":{"start":{"line":244,"column":33},"end":{"line":244,"column":77}},"107":{"start":{"line":245,"column":32},"end":{"line":247,"column":17}},"108":{"start":{"line":248,"column":24},"end":{"line":248,"column":34}},"109":{"start":{"line":249,"column":41},"end":{"line":249,"column":58}},"110":{"start":{"line":251,"column":12},"end":{"line":256,"column":13}},"111":{"start":{"line":252,"column":14},"end":{"line":254,"column":16}},"112":{"start":{"line":255,"column":14},"end":{"line":255,"column":23}},"113":{"start":{"line":259,"column":10},"end":{"line":259,"column":70}},"114":{"start":{"line":260,"column":26},"end":{"line":260,"column":80}},"115":{"start":{"line":261,"column":25},"end":{"line":261,"column":61}},"116":{"start":{"line":262,"column":26},"end":{"line":262,"column":63}},"117":{"start":{"line":263,"column":26},"end":{"line":264,"column":65}},"118":{"start":{"line":266,"column":10},"end":{"line":268,"column":11}},"119":{"start":{"line":267,"column":12},"end":{"line":267,"column":66}},"120":{"start":{"line":271,"column":30},"end":{"line":271,"column":34}},"121":{"start":{"line":272,"column":10},"end":{"line":298,"column":11}},"122":{"start":{"line":273,"column":36},"end":{"line":273,"column":67}},"123":{"start":{"line":274,"column":37},"end":{"line":274,"column":87}},"124":{"start":{"line":274,"column":70},"end":{"line":274,"column":86}},"125":{"start":{"line":275,"column":34},"end":{"line":275,"column":83}},"126":{"start":{"line":278,"column":35},"end":{"line":278,"column":74}},"127":{"start":{"line":279,"column":36},"end":{"line":279,"column":81}},"128":{"start":{"line":281,"column":12},"end":{"line":294,"column":13}},"129":{"start":{"line":282,"column":29},"end":{"line":282,"column":77}},"130":{"start":{"line":283,"column":14},"end":{"line":293,"column":15}},"131":{"start":{"line":285,"column":16},"end":{"line":290,"column":19}},"132":{"start":{"line":291,"column":16},"end":{"line":291,"column":38}},"133":{"start":{"line":292,"column":16},"end":{"line":292,"column":83}},"134":{"start":{"line":297,"column":12},"end":{"line":297,"column":92}},"135":{"start":{"line":300,"column":10},"end":{"line":318,"column":11}},"136":{"start":{"line":301,"column":12},"end":{"line":317,"column":13}},"137":{"start":{"line":302,"column":14},"end":{"line":302,"column":55}},"138":{"start":{"line":303,"column":14},"end":{"line":308,"column":17}},"139":{"start":{"line":310,"column":14},"end":{"line":310,"column":52}},"140":{"start":{"line":311,"column":14},"end":{"line":316,"column":17}},"141":{"start":{"line":320,"column":10},"end":{"line":320,"column":69}},"142":{"start":{"line":322,"column":10},"end":{"line":322,"column":91}},"143":{"start":{"line":323,"column":10},"end":{"line":323,"column":66}},"144":{"start":{"line":327,"column":6},"end":{"line":327,"column":38}},"145":{"start":{"line":328,"column":6},"end":{"line":328,"column":45}},"146":{"start":{"line":333,"column":4},"end":{"line":341,"column":5}},"147":{"start":{"line":334,"column":49},"end":{"line":337,"column":8}},"148":{"start":{"line":338,"column":6},"end":{"line":338,"column":48}},"149":{"start":{"line":340,"column":6},"end":{"line":340,"column":67}},"150":{"start":{"line":345,"column":17},"end":{"line":345,"column":45}},"151":{"start":{"line":346,"column":4},"end":{"line":348,"column":5}},"152":{"start":{"line":347,"column":6},"end":{"line":347,"column":13}},"153":{"start":{"line":350,"column":4},"end":{"line":404,"column":5}},"154":{"start":{"line":351,"column":28},"end":{"line":351,"column":70}},"155":{"start":{"line":353,"column":6},"end":{"line":397,"column":7}},"156":{"start":{"line":354,"column":8},"end":{"line":396,"column":9}},"157":{"start":{"line":355,"column":10},"end":{"line":355,"column":68}},"158":{"start":{"line":358,"column":10},"end":{"line":372,"column":11}},"159":{"start":{"line":359,"column":33},"end":{"line":359,"column":75}},"160":{"start":{"line":360,"column":32},"end":{"line":362,"column":17}},"161":{"start":{"line":363,"column":24},"end":{"line":363,"column":34}},"162":{"start":{"line":364,"column":41},"end":{"line":364,"column":58}},"163":{"start":{"line":366,"column":12},"end":{"line":371,"column":13}},"164":{"start":{"line":367,"column":14},"end":{"line":369,"column":16}},"165":{"start":{"line":370,"column":14},"end":{"line":370,"column":23}},"166":{"start":{"line":380,"column":26},"end":{"line":380,"column":76}},"167":{"start":{"line":381,"column":26},"end":{"line":381,"column":63}},"168":{"start":{"line":382,"column":27},"end":{"line":382,"column":65}},"169":{"start":{"line":384,"column":10},"end":{"line":386,"column":11}},"170":{"start":{"line":385,"column":12},"end":{"line":385,"column":58}},"171":{"start":{"line":390,"column":10},"end":{"line":390,"column":92}},"172":{"start":{"line":392,"column":10},"end":{"line":392,"column":67}},"173":{"start":{"line":394,"column":10},"end":{"line":394,"column":73}},"174":{"start":{"line":395,"column":10},"end":{"line":395,"column":64}},"175":{"start":{"line":399,"column":6},"end":{"line":399,"column":45}},"176":{"start":{"line":400,"column":6},"end":{"line":400,"column":59}},"177":{"start":{"line":402,"column":6},"end":{"line":402,"column":48}},"178":{"start":{"line":403,"column":6},"end":{"line":403,"column":18}},"179":{"start":{"line":408,"column":0},"end":{"line":420,"column":3}},"180":{"start":{"line":409,"column":16},"end":{"line":409,"column":39}},"181":{"start":{"line":410,"column":2},"end":{"line":410,"column":34}},"182":{"start":{"line":411,"column":2},"end":{"line":411,"column":41}},"183":{"start":{"line":413,"column":2},"end":{"line":419,"column":3}},"184":{"start":{"line":414,"column":4},"end":{"line":418,"column":5}},"185":{"start":{"line":415,"column":6},"end":{"line":415,"column":37}},"186":{"start":{"line":417,"column":6},"end":{"line":417,"column":69}}},"fnMap":{"0":{"name":"(anonymous_0)","decl":{"start":{"line":34,"column":21},"end":{"line":34,"column":22}},"loc":{"start":{"line":34,"column":71},"end":{"line":49,"column":2}}},"1":{"name":"(anonymous_1)","decl":{"start":{"line":51,"column":23},"end":{"line":51,"column":24}},"loc":{"start":{"line":51,"column":79},"end":{"line":59,"column":2}}},"2":{"name":"(anonymous_2)","decl":{"start":{"line":64,"column":30},"end":{"line":64,"column":31}},"loc":{"start":{"line":64,"column":61},"end":{"line":67,"column":1}}},"3":{"name":"(anonymous_3)","decl":{"start":{"line":72,"column":24},"end":{"line":72,"column":null}},"loc":{"start":{"line":75,"column":24},"end":{"line":83,"column":1}}},"4":{"name":"(anonymous_4)","decl":{"start":{"line":85,"column":46},"end":{"line":85,"column":47}},"loc":{"start":{"line":85,"column":61},"end":{"line":406,"column":2}}},"5":{"name":"(anonymous_5)","decl":{"start":{"line":94,"column":19},"end":{"line":94,"column":24}},"loc":{"start":{"line":94,"column":30},"end":{"line":109,"column":3}}},"6":{"name":"(anonymous_6)","decl":{"start":{"line":111,"column":11},"end":{"line":111,"column":16}},"loc":{"start":{"line":111,"column":22},"end":{"line":143,"column":3}}},"7":{"name":"(anonymous_7)","decl":{"start":{"line":145,"column":14},"end":{"line":145,"column":19}},"loc":{"start":{"line":145,"column":25},"end":{"line":160,"column":3}}},"8":{"name":"(anonymous_8)","decl":{"start":{"line":149,"column":46},"end":{"line":149,"column":47}},"loc":{"start":{"line":149,"column":57},"end":{"line":149,"column":81}}},"9":{"name":"(anonymous_9)","decl":{"start":{"line":152,"column":62},"end":{"line":152,"column":63}},"loc":{"start":{"line":152,"column":73},"end":{"line":152,"column":81}}},"10":{"name":"(anonymous_10)","decl":{"start":{"line":162,"column":16},"end":{"line":162,"column":21}},"loc":{"start":{"line":162,"column":27},"end":{"line":178,"column":3}}},"11":{"name":"(anonymous_11)","decl":{"start":{"line":166,"column":50},"end":{"line":166,"column":51}},"loc":{"start":{"line":167,"column":8},"end":{"line":167,"column":36}}},"12":{"name":"(anonymous_12)","decl":{"start":{"line":180,"column":17},"end":{"line":180,"column":22}},"loc":{"start":{"line":180,"column":28},"end":{"line":203,"column":3}}},"13":{"name":"(anonymous_13)","decl":{"start":{"line":192,"column":46},"end":{"line":192,"column":47}},"loc":{"start":{"line":192,"column":57},"end":{"line":192,"column":65}}},"14":{"name":"(anonymous_14)","decl":{"start":{"line":205,"column":19},"end":{"line":205,"column":20}},"loc":{"start":{"line":205,"column":41},"end":{"line":207,"column":3}}},"15":{"name":"(anonymous_15)","decl":{"start":{"line":209,"column":21},"end":{"line":209,"column":22}},"loc":{"start":{"line":209,"column":49},"end":{"line":211,"column":3}}},"16":{"name":"(anonymous_16)","decl":{"start":{"line":213,"column":15},"end":{"line":213,"column":16}},"loc":{"start":{"line":213,"column":37},"end":{"line":215,"column":3}}},"17":{"name":"(anonymous_17)","decl":{"start":{"line":217,"column":16},"end":{"line":217,"column":21}},"loc":{"start":{"line":217,"column":27},"end":{"line":225,"column":3}}},"18":{"name":"(anonymous_18)","decl":{"start":{"line":227,"column":20},"end":{"line":227,"column":25}},"loc":{"start":{"line":227,"column":31},"end":{"line":330,"column":3}}},"19":{"name":"(anonymous_19)","decl":{"start":{"line":274,"column":65},"end":{"line":274,"column":66}},"loc":{"start":{"line":274,"column":70},"end":{"line":274,"column":86}}},"20":{"name":"(anonymous_20)","decl":{"start":{"line":332,"column":28},"end":{"line":332,"column":33}},"loc":{"start":{"line":332,"column":39},"end":{"line":342,"column":3}}},"21":{"name":"(anonymous_21)","decl":{"start":{"line":344,"column":14},"end":{"line":344,"column":19}},"loc":{"start":{"line":344,"column":25},"end":{"line":405,"column":3}}},"22":{"name":"(anonymous_22)","decl":{"start":{"line":408,"column":29},"end":{"line":408,"column":34}},"loc":{"start":{"line":408,"column":48},"end":{"line":420,"column":1}}}},"branchMap":{"0":{"loc":{"start":{"line":38,"column":16},"end":{"line":38,"column":55}},"type":"binary-expr","locations":[{"start":{"line":38,"column":16},"end":{"line":38,"column":34}},{"start":{"line":38,"column":38},"end":{"line":38,"column":55}}]},"1":{"loc":{"start":{"line":44,"column":14},"end":{"line":44,"column":53}},"type":"binary-expr","locations":[{"start":{"line":44,"column":14},"end":{"line":44,"column":29}},{"start":{"line":44,"column":33},"end":{"line":44,"column":53}}]},"2":{"loc":{"start":{"line":45,"column":15},"end":{"line":45,"column":80}},"type":"cond-expr","locations":[{"start":{"line":45,"column":35},"end":{"line":45,"column":68}},{"start":{"line":45,"column":71},"end":{"line":45,"column":80}}]},"3":{"loc":{"start":{"line":54,"column":12},"end":{"line":54,"column":67}},"type":"cond-expr","locations":[{"start":{"line":54,"column":27},"end":{"line":54,"column":55}},{"start":{"line":54,"column":58},"end":{"line":54,"column":67}}]},"4":{"loc":{"start":{"line":76,"column":2},"end":{"line":76,"column":39}},"type":"if","locations":[{"start":{"line":76,"column":2},"end":{"line":76,"column":39}},{"start":{},"end":{}}]},"5":{"loc":{"start":{"line":77,"column":2},"end":{"line":77,"column":39}},"type":"if","locations":[{"start":{"line":77,"column":2},"end":{"line":77,"column":39}},{"start":{},"end":{}}]},"6":{"loc":{"start":{"line":82,"column":9},"end":{"line":82,"column":52}},"type":"cond-expr","locations":[{"start":{"line":82,"column":34},"end":{"line":82,"column":41}},{"start":{"line":82,"column":44},"end":{"line":82,"column":52}}]},"7":{"loc":{"start":{"line":97,"column":6},"end":{"line":100,"column":7}},"type":"if","locations":[{"start":{"line":97,"column":6},"end":{"line":100,"column":7}},{"start":{},"end":{}}]},"8":{"loc":{"start":{"line":116,"column":6},"end":{"line":118,"column":7}},"type":"if","locations":[{"start":{"line":116,"column":6},"end":{"line":118,"column":7}},{"start":{},"end":{}}]},"9":{"loc":{"start":{"line":182,"column":4},"end":{"line":185,"column":5}},"type":"if","locations":[{"start":{"line":182,"column":4},"end":{"line":185,"column":5}},{"start":{},"end":{}}]},"10":{"loc":{"start":{"line":182,"column":8},"end":{"line":182,"column":58}},"type":"binary-expr","locations":[{"start":{"line":182,"column":8},"end":{"line":182,"column":13}},{"start":{"line":182,"column":17},"end":{"line":182,"column":38}},{"start":{"line":182,"column":42},"end":{"line":182,"column":58}}]},"11":{"loc":{"start":{"line":220,"column":22},"end":{"line":220,"column":43}},"type":"binary-expr","locations":[{"start":{"line":220,"column":22},"end":{"line":220,"column":30}},{"start":{"line":220,"column":34},"end":{"line":220,"column":43}}]},"12":{"loc":{"start":{"line":228,"column":4},"end":{"line":230,"column":5}},"type":"if","locations":[{"start":{"line":228,"column":4},"end":{"line":230,"column":5}},{"start":{},"end":{}}]},"13":{"loc":{"start":{"line":228,"column":8},"end":{"line":228,"column":48}},"type":"binary-expr","locations":[{"start":{"line":228,"column":8},"end":{"line":228,"column":29}},{"start":{"line":228,"column":33},"end":{"line":228,"column":48}}]},"14":{"loc":{"start":{"line":236,"column":6},"end":{"line":238,"column":7}},"type":"if","locations":[{"start":{"line":236,"column":6},"end":{"line":238,"column":7}},{"start":{},"end":{}}]},"15":{"loc":{"start":{"line":243,"column":10},"end":{"line":257,"column":11}},"type":"if","locations":[{"start":{"line":243,"column":10},"end":{"line":257,"column":11}},{"start":{},"end":{}}]},"16":{"loc":{"start":{"line":245,"column":32},"end":{"line":247,"column":17}},"type":"cond-expr","locations":[{"start":{"line":246,"column":16},"end":{"line":246,"column":58}},{"start":{"line":247,"column":16},"end":{"line":247,"column":17}}]},"17":{"loc":{"start":{"line":251,"column":12},"end":{"line":256,"column":13}},"type":"if","locations":[{"start":{"line":251,"column":12},"end":{"line":256,"column":13}},{"start":{},"end":{}}]},"18":{"loc":{"start":{"line":260,"column":26},"end":{"line":260,"column":80}},"type":"cond-expr","locations":[{"start":{"line":260,"column":46},"end":{"line":260,"column":75}},{"start":{"line":260,"column":78},"end":{"line":260,"column":80}}]},"19":{"loc":{"start":{"line":263,"column":26},"end":{"line":264,"column":65}},"type":"binary-expr","locations":[{"start":{"line":263,"column":26},"end":{"line":263,"column":73}},{"start":{"line":264,"column":13},"end":{"line":264,"column":64}}]},"20":{"loc":{"start":{"line":264,"column":13},"end":{"line":264,"column":64}},"type":"cond-expr","locations":[{"start":{"line":264,"column":48},"end":{"line":264,"column":56}},{"start":{"line":264,"column":59},"end":{"line":264,"column":64}}]},"21":{"loc":{"start":{"line":266,"column":10},"end":{"line":268,"column":11}},"type":"if","locations":[{"start":{"line":266,"column":10},"end":{"line":268,"column":11}},{"start":{},"end":{}}]},"22":{"loc":{"start":{"line":266,"column":14},"end":{"line":266,"column":33}},"type":"binary-expr","locations":[{"start":{"line":266,"column":14},"end":{"line":266,"column":21}},{"start":{"line":266,"column":25},"end":{"line":266,"column":33}}]},"23":{"loc":{"start":{"line":281,"column":12},"end":{"line":294,"column":13}},"type":"if","locations":[{"start":{"line":281,"column":12},"end":{"line":294,"column":13}},{"start":{},"end":{}}]},"24":{"loc":{"start":{"line":283,"column":14},"end":{"line":293,"column":15}},"type":"if","locations":[{"start":{"line":283,"column":14},"end":{"line":293,"column":15}},{"start":{},"end":{}}]},"25":{"loc":{"start":{"line":300,"column":10},"end":{"line":318,"column":11}},"type":"if","locations":[{"start":{"line":300,"column":10},"end":{"line":318,"column":11}},{"start":{},"end":{}}]},"26":{"loc":{"start":{"line":301,"column":12},"end":{"line":317,"column":13}},"type":"if","locations":[{"start":{"line":301,"column":12},"end":{"line":317,"column":13}},{"start":{"line":309,"column":19},"end":{"line":317,"column":13}}]},"27":{"loc":{"start":{"line":301,"column":16},"end":{"line":301,"column":71}},"type":"binary-expr","locations":[{"start":{"line":301,"column":16},"end":{"line":301,"column":48}},{"start":{"line":301,"column":52},"end":{"line":301,"column":71}}]},"28":{"loc":{"start":{"line":346,"column":4},"end":{"line":348,"column":5}},"type":"if","locations":[{"start":{"line":346,"column":4},"end":{"line":348,"column":5}},{"start":{},"end":{}}]},"29":{"loc":{"start":{"line":346,"column":8},"end":{"line":346,"column":58}},"type":"binary-expr","locations":[{"start":{"line":346,"column":8},"end":{"line":346,"column":13}},{"start":{"line":346,"column":17},"end":{"line":346,"column":38}},{"start":{"line":346,"column":42},"end":{"line":346,"column":58}}]},"30":{"loc":{"start":{"line":358,"column":10},"end":{"line":372,"column":11}},"type":"if","locations":[{"start":{"line":358,"column":10},"end":{"line":372,"column":11}},{"start":{},"end":{}}]},"31":{"loc":{"start":{"line":360,"column":32},"end":{"line":362,"column":17}},"type":"cond-expr","locations":[{"start":{"line":361,"column":16},"end":{"line":361,"column":56}},{"start":{"line":362,"column":16},"end":{"line":362,"column":17}}]},"32":{"loc":{"start":{"line":366,"column":12},"end":{"line":371,"column":13}},"type":"if","locations":[{"start":{"line":366,"column":12},"end":{"line":371,"column":13}},{"start":{},"end":{}}]},"33":{"loc":{"start":{"line":380,"column":26},"end":{"line":380,"column":76}},"type":"cond-expr","locations":[{"start":{"line":380,"column":44},"end":{"line":380,"column":71}},{"start":{"line":380,"column":74},"end":{"line":380,"column":76}}]},"34":{"loc":{"start":{"line":384,"column":10},"end":{"line":386,"column":11}},"type":"if","locations":[{"start":{"line":384,"column":10},"end":{"line":386,"column":11}},{"start":{},"end":{}}]},"35":{"loc":{"start":{"line":384,"column":14},"end":{"line":384,"column":35}},"type":"binary-expr","locations":[{"start":{"line":384,"column":14},"end":{"line":384,"column":22}},{"start":{"line":384,"column":26},"end":{"line":384,"column":35}}]},"36":{"loc":{"start":{"line":413,"column":2},"end":{"line":419,"column":3}},"type":"if","locations":[{"start":{"line":413,"column":2},"end":{"line":419,"column":3}},{"start":{},"end":{}}]}},"s":{"0":1,"1":1,"2":1,"3":1,"4":1,"5":1,"6":1,"7":1,"8":1,"9":1,"10":0,"11":1,"12":0,"13":1,"14":2,"15":2,"16":1,"17":2,"18":0,"19":2,"20":0,"21":2,"22":2,"23":2,"24":1,"25":1,"26":5,"27":5,"28":5,"29":2,"30":2,"31":3,"32":2,"33":2,"34":1,"35":1,"36":2,"37":2,"38":2,"39":2,"40":1,"41":1,"42":1,"43":1,"44":1,"45":1,"46":1,"47":1,"48":1,"49":1,"50":1,"51":1,"52":1,"53":1,"54":0,"55":1,"56":1,"57":0,"58":1,"59":1,"60":0,"61":0,"62":1,"63":1,"64":1,"65":1,"66":0,"67":1,"68":1,"69":1,"70":0,"71":0,"72":1,"73":1,"74":0,"75":0,"76":1,"77":1,"78":1,"79":1,"80":1,"81":0,"82":1,"83":1,"84":1,"85":0,"86":0,"87":1,"88":0,"89":0,"90":0,"91":0,"92":0,"93":0,"94":0,"95":0,"96":9,"97":2,"98":7,"99":7,"100":7,"101":7,"102":1,"103":6,"104":6,"105":6,"106":2,"107":2,"108":2,"109":2,"110":2,"111":1,"112":1,"113":5,"114":5,"115":5,"116":5,"117":5,"118":5,"119":0,"120":5,"121":5,"122":5,"123":5,"124":0,"125":5,"126":5,"127":5,"128":5,"129":2,"130":2,"131":1,"132":1,"133":1,"134":0,"135":5,"136":4,"137":1,"138":1,"139":3,"140":3,"141":5,"142":0,"143":0,"144":7,"145":7,"146":14,"147":14,"148":13,"149":1,"150":4,"151":4,"152":1,"153":3,"154":3,"155":3,"156":2,"157":2,"158":2,"159":0,"160":0,"161":0,"162":0,"163":0,"164":0,"165":0,"166":2,"167":2,"168":2,"169":2,"170":1,"171":1,"172":1,"173":1,"174":1,"175":3,"176":3,"177":0,"178":0,"179":1,"180":0,"181":0,"182":0,"183":0,"184":0,"185":0,"186":0},"f":{"0":0,"1":0,"2":2,"3":2,"4":1,"5":5,"6":2,"7":1,"8":0,"9":0,"10":1,"11":0,"12":1,"13":0,"14":0,"15":0,"16":0,"17":0,"18":9,"19":0,"20":14,"21":4,"22":0},"b":{"0":[0,0],"1":[0,0],"2":[0,0],"3":[0,0],"4":[0,2],"5":[0,2],"6":[1,1],"7":[2,3],"8":[1,1],"9":[0,1],"10":[1,1,1],"11":[0,0],"12":[2,7],"13":[9,8],"14":[1,6],"15":[2,4],"16":[2,0],"17":[1,1],"18":[5,0],"19":[5,0],"20":[0,0],"21":[0,5],"22":[5,5],"23":[2,3],"24":[1,1],"25":[4,1],"26":[1,3],"27":[4,3],"28":[1,3],"29":[4,3,3],"30":[0,2],"31":[0,0],"32":[0,0],"33":[2,0],"34":[1,1],"35":[2,1],"36":[0,0]}}
}
