TN:
SF:services/api.ts
FN:33,(anonymous_9)
FN:45,(anonymous_10)
FN:48,(anonymous_11)
FN:74,(anonymous_12)
FN:81,(anonymous_13)
FN:82,(anonymous_14)
FN:109,(anonymous_15)
FN:117,(anonymous_16)
FN:125,(anonymous_17)
FN:133,(anonymous_18)
FN:142,(anonymous_19)
FN:151,(anonymous_20)
FN:162,(anonymous_21)
FN:169,(anonymous_22)
FN:176,(anonymous_23)
FN:183,(anonymous_24)
FN:190,(anonymous_25)
FN:197,(anonymous_26)
FN:204,(anonymous_27)
FN:209,(anonymous_28)
FN:210,(anonymous_29)
FN:212,(anonymous_30)
FN:219,(anonymous_31)
FN:226,(anonymous_32)
FN:233,(anonymous_33)
FN:243,(anonymous_34)
FN:250,(anonymous_35)
FN:257,(anonymous_36)
FN:264,(anonymous_37)
FN:271,(anonymous_38)
FN:281,(anonymous_39)
FN:286,(anonymous_40)
FN:290,(anonymous_41)
FN:294,(anonymous_42)
FN:306,(anonymous_43)
FN:314,(anonymous_44)
FN:322,(anonymous_45)
FN:330,(anonymous_46)
FN:341,(anonymous_47)
FN:345,(anonymous_48)
FN:357,(anonymous_49)
FN:369,(anonymous_50)
FN:379,(anonymous_51)
FN:390,(anonymous_52)
FN:395,(anonymous_53)
FN:400,(anonymous_54)
FN:406,(anonymous_55)
FNF:47
FNH:2
FNDA:1,(anonymous_9)
FNDA:1,(anonymous_10)
FNDA:0,(anonymous_11)
FNDA:0,(anonymous_12)
FNDA:0,(anonymous_13)
FNDA:0,(anonymous_14)
FNDA:0,(anonymous_15)
FNDA:0,(anonymous_16)
FNDA:0,(anonymous_17)
FNDA:0,(anonymous_18)
FNDA:0,(anonymous_19)
FNDA:0,(anonymous_20)
FNDA:0,(anonymous_21)
FNDA:0,(anonymous_22)
FNDA:0,(anonymous_23)
FNDA:0,(anonymous_24)
FNDA:0,(anonymous_25)
FNDA:0,(anonymous_26)
FNDA:0,(anonymous_27)
FNDA:0,(anonymous_28)
FNDA:0,(anonymous_29)
FNDA:0,(anonymous_30)
FNDA:0,(anonymous_31)
FNDA:0,(anonymous_32)
FNDA:0,(anonymous_33)
FNDA:0,(anonymous_34)
FNDA:0,(anonymous_35)
FNDA:0,(anonymous_36)
FNDA:0,(anonymous_37)
FNDA:0,(anonymous_38)
FNDA:0,(anonymous_39)
FNDA:0,(anonymous_40)
FNDA:0,(anonymous_41)
FNDA:0,(anonymous_42)
FNDA:0,(anonymous_43)
FNDA:0,(anonymous_44)
FNDA:0,(anonymous_45)
FNDA:0,(anonymous_46)
FNDA:0,(anonymous_47)
FNDA:0,(anonymous_48)
FNDA:0,(anonymous_49)
FNDA:0,(anonymous_50)
FNDA:0,(anonymous_51)
FNDA:0,(anonymous_52)
FNDA:0,(anonymous_53)
FNDA:0,(anonymous_54)
FNDA:0,(anonymous_55)
DA:1,1
DA:26,1
DA:27,1
DA:28,1
DA:34,1
DA:42,1
DA:47,1
DA:49,0
DA:50,0
DA:52,0
DA:53,0
DA:54,0
DA:56,0
DA:60,0
DA:61,0
DA:64,0
DA:65,0
DA:66,0
DA:67,0
DA:69,0
DA:72,0
DA:75,0
DA:80,1
DA:81,0
DA:83,0
DA:88,0
DA:90,0
DA:91,0
DA:92,0
DA:93,0
DA:95,0
DA:96,0
DA:99,0
DA:100,0
DA:103,0
DA:110,0
DA:114,0
DA:118,0
DA:122,0
DA:126,0
DA:129,0
DA:130,0
DA:134,0
DA:138,0
DA:139,0
DA:143,0
DA:146,0
DA:147,0
DA:156,0
DA:159,0
DA:163,0
DA:166,0
DA:170,0
DA:173,0
DA:177,0
DA:180,0
DA:184,0
DA:187,0
DA:191,0
DA:194,0
DA:198,0
DA:201,0
DA:207,0
DA:208,0
DA:209,0
DA:210,0
DA:212,0
DA:215,0
DA:220,0
DA:223,0
DA:227,0
DA:230,0
DA:234,0
DA:240,0
DA:244,0
DA:247,0
DA:251,0
DA:254,0
DA:258,0
DA:261,0
DA:265,0
DA:268,0
DA:272,0
DA:278,0
DA:282,0
DA:287,0
DA:291,0
DA:296,0
DA:297,0
DA:300,0
DA:301,0
DA:305,0
DA:306,0
DA:307,0
DA:310,0
DA:316,0
DA:317,0
DA:318,0
DA:323,0
DA:327,0
DA:334,0
DA:338,0
DA:342,0
DA:350,0
DA:354,0
DA:361,0
DA:365,0
DA:372,0
DA:376,0
DA:383,0
DA:387,0
DA:391,0
DA:396,0
DA:397,0
DA:401,0
DA:402,0
DA:412,0
DA:418,0
DA:422,1
LF:119
LH:9
BRDA:52,0,0,0
BRDA:52,0,1,0
BRDA:60,1,0,0
BRDA:60,1,1,0
BRDA:64,2,0,0
BRDA:64,2,1,0
BRDA:65,3,0,0
BRDA:65,3,1,0
BRDA:66,4,0,0
BRDA:66,4,1,0
BRDA:88,5,0,0
BRDA:88,5,1,0
BRDA:91,6,0,0
BRDA:91,6,1,0
BRDA:92,7,0,0
BRDA:92,7,1,0
BRDA:93,8,0,0
BRDA:93,8,1,0
BRDA:130,9,0,0
BRDA:130,9,1,0
BRDA:130,10,0,0
BRDA:130,10,1,0
BRDA:139,11,0,0
BRDA:139,11,1,0
BRDA:139,12,0,0
BRDA:139,12,1,0
BRDA:147,13,0,0
BRDA:147,13,1,0
BRDA:147,14,0,0
BRDA:147,14,1,0
BRDA:197,15,0,0
BRDA:271,16,0,0
BRDA:297,17,0,0
BRDA:297,17,1,0
BRDA:300,18,0,0
BRDA:300,18,1,0
BRF:36
BRH:0
end_of_record
TN:
SF:services/connectivity.ts
FN:10,(anonymous_1)
FN:14,(anonymous_2)
FN:17,(anonymous_3)
FN:21,(anonymous_4)
FN:28,(anonymous_5)
FN:32,(anonymous_6)
FN:40,(anonymous_7)
FNF:7
FNH:0
FNDA:0,(anonymous_1)
FNDA:0,(anonymous_2)
FNDA:0,(anonymous_3)
FNDA:0,(anonymous_4)
FNDA:0,(anonymous_5)
FNDA:0,(anonymous_6)
FNDA:0,(anonymous_7)
DA:1,1
DA:7,1
DA:8,1
DA:11,0
DA:12,0
DA:14,0
DA:15,0
DA:16,0
DA:17,0
DA:22,0
DA:23,0
DA:24,0
DA:29,0
DA:30,0
DA:31,0
DA:32,0
DA:33,0
DA:34,0
DA:35,0
DA:41,0
DA:42,0
DA:43,0
DA:45,0
DA:46,0
DA:51,1
LF:25
LH:4
BRDA:11,0,0,0
BRDA:11,0,1,0
BRDA:15,1,0,0
BRDA:15,1,1,0
BRDA:22,2,0,0
BRDA:22,2,1,0
BRDA:34,3,0,0
BRDA:34,3,1,0
BRDA:43,4,0,0
BRDA:43,4,1,0
BRF:10
BRH:0
end_of_record
TN:
SF:services/database.ts
FN:20,(anonymous_9)
FN:34,(anonymous_10)
FN:41,(anonymous_11)
FN:54,(anonymous_12)
FN:63,(anonymous_13)
FN:73,(anonymous_14)
FN:206,(anonymous_15)
FN:301,(anonymous_16)
FN:324,(anonymous_17)
FN:331,(anonymous_18)
FN:370,(anonymous_19)
FN:387,(anonymous_20)
FN:394,(anonymous_21)
FN:401,(anonymous_22)
FN:419,(anonymous_23)
FN:427,(anonymous_24)
FN:445,(anonymous_25)
FN:456,(anonymous_26)
FN:480,(anonymous_27)
FN:497,(anonymous_28)
FN:505,(anonymous_29)
FN:517,(anonymous_30)
FN:573,(anonymous_31)
FN:592,(anonymous_32)
FN:601,(anonymous_33)
FN:631,(anonymous_34)
FN:647,(anonymous_35)
FN:655,(anonymous_36)
FN:660,(anonymous_37)
FN:670,(anonymous_38)
FN:678,(anonymous_39)
FN:686,(anonymous_40)
FN:697,(anonymous_41)
FN:710,(anonymous_42)
FN:718,(anonymous_43)
FN:723,(anonymous_44)
FN:733,(anonymous_45)
FN:745,(anonymous_46)
FN:763,(anonymous_47)
FN:775,(anonymous_48)
FN:784,(anonymous_49)
FN:811,(anonymous_50)
FN:827,(anonymous_51)
FN:836,(anonymous_52)
FN:844,(anonymous_53)
FN:849,(anonymous_54)
FN:859,(anonymous_55)
FNF:47
FNH:0
FNDA:0,(anonymous_9)
FNDA:0,(anonymous_10)
FNDA:0,(anonymous_11)
FNDA:0,(anonymous_12)
FNDA:0,(anonymous_13)
FNDA:0,(anonymous_14)
FNDA:0,(anonymous_15)
FNDA:0,(anonymous_16)
FNDA:0,(anonymous_17)
FNDA:0,(anonymous_18)
FNDA:0,(anonymous_19)
FNDA:0,(anonymous_20)
FNDA:0,(anonymous_21)
FNDA:0,(anonymous_22)
FNDA:0,(anonymous_23)
FNDA:0,(anonymous_24)
FNDA:0,(anonymous_25)
FNDA:0,(anonymous_26)
FNDA:0,(anonymous_27)
FNDA:0,(anonymous_28)
FNDA:0,(anonymous_29)
FNDA:0,(anonymous_30)
FNDA:0,(anonymous_31)
FNDA:0,(anonymous_32)
FNDA:0,(anonymous_33)
FNDA:0,(anonymous_34)
FNDA:0,(anonymous_35)
FNDA:0,(anonymous_36)
FNDA:0,(anonymous_37)
FNDA:0,(anonymous_38)
FNDA:0,(anonymous_39)
FNDA:0,(anonymous_40)
FNDA:0,(anonymous_41)
FNDA:0,(anonymous_42)
FNDA:0,(anonymous_43)
FNDA:0,(anonymous_44)
FNDA:0,(anonymous_45)
FNDA:0,(anonymous_46)
FNDA:0,(anonymous_47)
FNDA:0,(anonymous_48)
FNDA:0,(anonymous_49)
FNDA:0,(anonymous_50)
FNDA:0,(anonymous_51)
FNDA:0,(anonymous_52)
FNDA:0,(anonymous_53)
FNDA:0,(anonymous_54)
FNDA:0,(anonymous_55)
DA:1,1
DA:11,1
DA:13,1
DA:18,1
DA:21,0
DA:22,0
DA:23,0
DA:24,0
DA:25,0
DA:26,0
DA:27,0
DA:29,0
DA:30,0
DA:35,0
DA:36,0
DA:38,0
DA:42,0
DA:44,0
DA:45,0
DA:46,0
DA:48,0
DA:51,0
DA:55,0
DA:56,0
DA:57,0
DA:60,0
DA:61,0
DA:63,0
DA:64,0
DA:65,0
DA:67,0
DA:69,0
DA:74,0
DA:75,0
DA:78,0
DA:87,0
DA:88,0
DA:89,0
DA:99,0
DA:100,0
DA:103,0
DA:105,0
DA:106,0
DA:128,0
DA:129,0
DA:144,0
DA:145,0
DA:156,0
DA:157,0
DA:171,0
DA:172,0
DA:186,0
DA:187,0
DA:198,0
DA:200,0
DA:201,0
DA:202,0
DA:207,0
DA:209,0
DA:226,0
DA:236,0
DA:243,0
DA:254,0
DA:264,0
DA:271,0
DA:277,0
DA:289,0
DA:302,0
DA:304,0
DA:319,0
DA:320,0
DA:325,0
DA:326,0
DA:332,0
DA:334,0
DA:371,0
DA:372,0
DA:374,0
DA:375,0
DA:376,0
DA:377,0
DA:378,0
DA:380,0
DA:382,0
DA:383,0
DA:388,0
DA:389,0
DA:390,0
DA:391,0
DA:394,0
DA:395,0
DA:402,0
DA:403,0
DA:404,0
DA:406,0
DA:407,0
DA:408,0
DA:409,0
DA:410,0
DA:411,0
DA:415,0
DA:416,0
DA:420,0
DA:421,0
DA:424,0
DA:428,0
DA:429,0
DA:430,0
DA:442,0
DA:446,0
DA:447,0
DA:451,0
DA:457,0
DA:458,0
DA:481,0
DA:482,0
DA:484,0
DA:485,0
DA:486,0
DA:487,0
DA:488,0
DA:490,0
DA:492,0
DA:493,0
DA:498,0
DA:499,0
DA:502,0
DA:506,0
DA:507,0
DA:508,0
DA:512,0
DA:523,0
DA:524,0
DA:526,0
DA:527,0
DA:546,0
DA:547,0
DA:552,0
DA:574,0
DA:575,0
DA:576,0
DA:577,0
DA:578,0
DA:579,0
DA:585,0
DA:587,0
DA:588,0
DA:593,0
DA:594,0
DA:598,0
DA:607,0
DA:608,0
DA:615,0
DA:620,0
DA:632,0
DA:634,0
DA:635,0
DA:637,0
DA:638,0
DA:640,0
DA:643,0
DA:644,0
DA:648,0
DA:649,0
DA:656,0
DA:657,0
DA:661,0
DA:662,0
DA:671,0
DA:672,0
DA:675,0
DA:679,0
DA:680,0
DA:687,0
DA:688,0
DA:692,0
DA:702,0
DA:703,0
DA:707,0
DA:711,0
DA:712,0
DA:719,0
DA:720,0
DA:724,0
DA:725,0
DA:729,0
DA:734,0
DA:735,0
DA:740,0
DA:746,0
DA:747,0
DA:748,0
DA:750,0
DA:751,0
DA:752,0
DA:755,0
DA:757,0
DA:758,0
DA:764,0
DA:765,0
DA:776,0
DA:777,0
DA:781,0
DA:785,0
DA:786,0
DA:797,0
DA:798,0
DA:799,0
DA:800,0
DA:802,0
DA:804,0
DA:805,0
DA:812,0
DA:813,0
DA:815,0
DA:820,0
DA:828,0
DA:829,0
DA:833,0
DA:837,0
DA:838,0
DA:845,0
DA:846,0
DA:850,0
DA:851,0
DA:860,0
DA:861,0
DA:864,0
DA:868,1
LF:229
LH:5
BRDA:35,0,0,0
BRDA:35,0,1,0
BRDA:45,1,0,0
BRDA:45,1,1,0
BRDA:60,2,0,0
BRDA:60,2,1,0
BRDA:60,3,0,0
BRDA:60,3,1,0
BRDA:64,4,0,0
BRDA:64,4,1,0
BRDA:67,5,0,0
BRDA:67,5,1,0
BRDA:111,6,0,0
BRDA:111,6,1,0
BRDA:113,7,0,0
BRDA:113,7,1,0
BRDA:116,8,0,0
BRDA:116,8,1,0
BRDA:117,9,0,0
BRDA:117,9,1,0
BRDA:118,10,0,0
BRDA:118,10,1,0
BRDA:119,11,0,0
BRDA:119,11,1,0
BRDA:120,12,0,0
BRDA:120,12,1,0
BRDA:121,13,0,0
BRDA:121,13,1,0
BRDA:122,14,0,0
BRDA:122,14,1,0
BRDA:123,15,0,0
BRDA:123,15,1,0
BRDA:135,16,0,0
BRDA:135,16,1,0
BRDA:136,17,0,0
BRDA:136,17,1,0
BRDA:137,18,0,0
BRDA:137,18,1,0
BRDA:138,19,0,0
BRDA:138,19,1,0
BRDA:139,20,0,0
BRDA:139,20,1,0
BRDA:151,21,0,0
BRDA:151,21,1,0
BRDA:162,22,0,0
BRDA:162,22,1,0
BRDA:162,22,2,0
BRDA:163,23,0,0
BRDA:163,23,1,0
BRDA:165,24,0,0
BRDA:165,24,1,0
BRDA:166,25,0,0
BRDA:166,25,1,0
BRDA:166,25,2,0
BRDA:177,26,0,0
BRDA:177,26,1,0
BRDA:177,26,2,0
BRDA:179,27,0,0
BRDA:179,27,1,0
BRDA:180,28,0,0
BRDA:180,28,1,0
BRDA:181,29,0,0
BRDA:181,29,1,0
BRDA:181,29,2,0
BRDA:192,30,0,0
BRDA:192,30,1,0
BRDA:193,31,0,0
BRDA:193,31,1,0
BRDA:353,32,0,0
BRDA:353,32,1,0
BRDA:355,33,0,0
BRDA:355,33,1,0
BRDA:358,34,0,0
BRDA:358,34,1,0
BRDA:359,35,0,0
BRDA:359,35,1,0
BRDA:360,36,0,0
BRDA:360,36,1,0
BRDA:361,37,0,0
BRDA:361,37,1,0
BRDA:362,38,0,0
BRDA:362,38,1,0
BRDA:363,39,0,0
BRDA:363,39,1,0
BRDA:364,40,0,0
BRDA:364,40,1,0
BRDA:365,41,0,0
BRDA:365,41,1,0
BRDA:371,42,0,0
BRDA:371,42,1,0
BRDA:389,43,0,0
BRDA:389,43,1,0
BRDA:406,44,0,0
BRDA:406,44,1,0
BRDA:409,45,0,0
BRDA:409,45,1,0
BRDA:424,46,0,0
BRDA:424,46,1,0
BRDA:471,47,0,0
BRDA:471,47,1,0
BRDA:472,48,0,0
BRDA:472,48,1,0
BRDA:473,49,0,0
BRDA:473,49,1,0
BRDA:474,50,0,0
BRDA:474,50,1,0
BRDA:475,51,0,0
BRDA:475,51,1,0
BRDA:481,52,0,0
BRDA:481,52,1,0
BRDA:526,53,0,0
BRDA:526,53,1,0
BRDA:537,54,0,0
BRDA:537,54,1,0
BRDA:538,55,0,0
BRDA:538,55,1,0
BRDA:546,56,0,0
BRDA:546,56,1,0
BRDA:612,57,0,0
BRDA:612,57,1,0
BRDA:625,58,0,0
BRDA:625,58,1,0
BRDA:631,59,0,0
BRDA:637,60,0,0
BRDA:637,60,1,0
BRDA:675,61,0,0
BRDA:675,61,1,0
BRDA:675,62,0,0
BRDA:675,62,1,0
BRDA:750,63,0,0
BRDA:750,63,1,0
BRDA:781,64,0,0
BRDA:781,64,1,0
BRDA:827,65,0,0
BRDA:864,66,0,0
BRDA:864,66,1,0
BRDA:864,67,0,0
BRDA:864,67,1,0
BRF:138
BRH:0
end_of_record
TN:
SF:services/firebase.ts
FNF:0
FNH:0
DA:1,1
DA:2,1
DA:3,1
DA:4,1
DA:5,1
DA:10,1
DA:12,1
DA:13,1
DA:14,1
DA:16,1
LF:10
LH:10
BRDA:10,0,0,0
BRDA:10,0,1,1
BRF:2
BRH:1
end_of_record
TN:
SF:services/nlp.ts
FN:22,(anonymous_1)
FN:37,(anonymous_2)
FN:55,(anonymous_3)
FN:61,(anonymous_4)
FN:69,(anonymous_5)
FN:75,(anonymous_6)
FN:83,(anonymous_7)
FN:135,(anonymous_8)
FN:174,(anonymous_9)
FN:189,(anonymous_10)
FN:193,(anonymous_11)
FN:206,(anonymous_12)
FN:210,(anonymous_13)
FN:216,(anonymous_14)
FN:229,(anonymous_15)
FN:241,(anonymous_16)
FN:249,(anonymous_17)
FN:300,(anonymous_18)
FN:304,(anonymous_19)
FN:315,(anonymous_20)
FN:322,(anonymous_21)
FN:332,(anonymous_22)
FN:333,(anonymous_23)
FNF:23
FNH:0
FNDA:0,(anonymous_1)
FNDA:0,(anonymous_2)
FNDA:0,(anonymous_3)
FNDA:0,(anonymous_4)
FNDA:0,(anonymous_5)
FNDA:0,(anonymous_6)
FNDA:0,(anonymous_7)
FNDA:0,(anonymous_8)
FNDA:0,(anonymous_9)
FNDA:0,(anonymous_10)
FNDA:0,(anonymous_11)
FNDA:0,(anonymous_12)
FNDA:0,(anonymous_13)
FNDA:0,(anonymous_14)
FNDA:0,(anonymous_15)
FNDA:0,(anonymous_16)
FNDA:0,(anonymous_17)
FNDA:0,(anonymous_18)
FNDA:0,(anonymous_19)
FNDA:0,(anonymous_20)
FNDA:0,(anonymous_21)
FNDA:0,(anonymous_22)
FNDA:0,(anonymous_23)
DA:1,0
DA:3,0
DA:18,0
DA:19,0
DA:23,0
DA:34,0
DA:38,0
DA:51,0
DA:56,0
DA:58,0
DA:59,0
DA:61,0
DA:70,0
DA:72,0
DA:73,0
DA:75,0
DA:88,0
DA:91,0
DA:92,0
DA:95,0
DA:96,0
DA:109,0
DA:110,0
DA:123,0
DA:124,0
DA:127,0
DA:128,0
DA:129,0
DA:131,0
DA:135,0
DA:141,0
DA:142,0
DA:144,0
DA:161,0
DA:175,0
DA:189,0
DA:194,0
DA:206,0
DA:214,0
DA:216,0
DA:217,0
DA:218,0
DA:220,0
DA:230,0
DA:239,0
DA:240,0
DA:241,0
DA:245,0
DA:250,0
DA:299,0
DA:300,0
DA:309,0
DA:311,0
DA:312,0
DA:315,0
DA:316,0
DA:317,0
DA:322,0
DA:323,0
DA:327,0
DA:332,0
DA:333,0
DA:334,0
DA:335,0
DA:339,0
DA:343,0
LF:66
LH:0
BRDA:56,0,0,0
BRDA:56,0,1,0
BRDA:63,1,0,0
BRDA:63,1,1,0
BRDA:70,2,0,0
BRDA:70,2,1,0
BRDA:77,3,0,0
BRDA:77,3,1,0
BRDA:91,4,0,0
BRDA:91,4,1,0
BRDA:92,5,0,0
BRDA:92,5,1,0
BRDA:95,6,0,0
BRDA:95,6,1,0
BRDA:109,7,0,0
BRDA:109,7,1,0
BRDA:127,8,0,0
BRDA:127,8,1,0
BRDA:141,9,0,0
BRDA:141,9,1,0
BRDA:146,10,0,0
BRDA:146,10,1,0
BRDA:148,11,0,0
BRDA:148,11,1,0
BRDA:217,12,0,0
BRDA:217,12,1,0
BRDA:218,13,0,0
BRDA:218,13,1,0
BRDA:221,14,0,0
BRDA:221,14,1,0
BRDA:221,14,2,0
BRDA:240,15,0,0
BRDA:240,15,1,0
BRDA:309,16,0,0
BRDA:309,16,1,0
BRDA:316,17,0,0
BRDA:316,17,1,0
BRDA:323,18,0,0
BRDA:323,18,1,0
BRDA:324,19,0,0
BRDA:324,19,1,0
BRDA:325,20,0,0
BRDA:325,20,1,0
BRDA:334,21,0,0
BRDA:334,21,1,0
BRF:45
BRH:0
end_of_record
TN:
SF:services/storage.ts
FN:7,(anonymous_10)
FN:16,(anonymous_11)
FN:25,(anonymous_12)
FN:34,(anonymous_13)
FN:43,(anonymous_14)
FN:53,(anonymous_15)
FN:62,(anonymous_16)
FN:71,(anonymous_17)
FN:82,(anonymous_18)
FN:90,(anonymous_19)
FN:100,(anonymous_20)
FN:109,(anonymous_21)
FN:119,(anonymous_22)
FN:128,(anonymous_23)
FNF:14
FNH:0
FNDA:0,(anonymous_10)
FNDA:0,(anonymous_11)
FNDA:0,(anonymous_12)
FNDA:0,(anonymous_13)
FNDA:0,(anonymous_14)
FNDA:0,(anonymous_15)
FNDA:0,(anonymous_16)
FNDA:0,(anonymous_17)
FNDA:0,(anonymous_18)
FNDA:0,(anonymous_19)
FNDA:0,(anonymous_20)
FNDA:0,(anonymous_21)
FNDA:0,(anonymous_22)
FNDA:0,(anonymous_23)
DA:1,0
DA:2,0
DA:3,0
DA:7,0
DA:8,0
DA:9,0
DA:11,0
DA:12,0
DA:16,0
DA:17,0
DA:18,0
DA:20,0
DA:21,0
DA:25,0
DA:26,0
DA:27,0
DA:29,0
DA:34,0
DA:35,0
DA:36,0
DA:38,0
DA:39,0
DA:43,0
DA:44,0
DA:45,0
DA:46,0
DA:48,0
DA:49,0
DA:53,0
DA:54,0
DA:55,0
DA:57,0
DA:62,0
DA:63,0
DA:64,0
DA:66,0
DA:67,0
DA:71,0
DA:72,0
DA:73,0
DA:74,0
DA:76,0
DA:77,0
DA:82,0
DA:83,0
DA:84,0
DA:86,0
DA:90,0
DA:91,0
DA:92,0
DA:94,0
DA:95,0
DA:100,0
DA:101,0
DA:102,0
DA:104,0
DA:105,0
DA:109,0
DA:110,0
DA:111,0
DA:112,0
DA:114,0
DA:115,0
DA:119,0
DA:120,0
DA:121,0
DA:123,0
DA:128,0
DA:129,0
DA:130,0
DA:138,0
LF:71
LH:0
BRDA:46,0,0,0
BRDA:46,0,1,0
BRDA:74,1,0,0
BRDA:74,1,1,0
BRDA:112,2,0,0
BRDA:112,2,1,0
BRF:6
BRH:0
end_of_record
TN:
SF:stores/authStore.ts
FN:45,(anonymous_0)
FN:53,(anonymous_1)
FN:87,(anonymous_2)
FN:116,(anonymous_3)
FN:153,(anonymous_4)
FN:187,(anonymous_5)
FN:214,(anonymous_6)
FN:223,(anonymous_7)
FN:224,(anonymous_8)
FN:229,(anonymous_9)
FN:273,(anonymous_10)
FN:297,(anonymous_11)
FN:303,(anonymous_12)
FNF:13
FNH:0
FNDA:0,(anonymous_0)
FNDA:0,(anonymous_1)
FNDA:0,(anonymous_2)
FNDA:0,(anonymous_3)
FNDA:0,(anonymous_4)
FNDA:0,(anonymous_5)
FNDA:0,(anonymous_6)
FNDA:0,(anonymous_7)
FNDA:0,(anonymous_8)
FNDA:0,(anonymous_9)
FNDA:0,(anonymous_10)
FNDA:0,(anonymous_11)
FNDA:0,(anonymous_12)
DA:1,0
DA:2,0
DA:3,0
DA:15,0
DA:16,0
DA:17,0
DA:43,0
DA:45,0
DA:54,0
DA:55,0
DA:57,0
DA:63,0
DA:64,0
DA:66,0
DA:67,0
DA:68,0
DA:70,0
DA:73,0
DA:75,0
DA:82,0
DA:83,0
DA:88,0
DA:89,0
DA:96,0
DA:111,0
DA:112,0
DA:117,0
DA:118,0
DA:124,0
DA:148,0
DA:149,0
DA:154,0
DA:155,0
DA:157,0
DA:163,0
DA:164,0
DA:169,0
DA:170,0
DA:172,0
DA:173,0
DA:175,0
DA:182,0
DA:183,0
DA:188,0
DA:189,0
DA:191,0
DA:193,0
DA:194,0
DA:196,0
DA:203,0
DA:205,0
DA:215,0
DA:216,0
DA:218,0
DA:223,0
DA:224,0
DA:225,0
DA:226,0
DA:229,0
DA:230,0
DA:231,0
DA:235,0
DA:236,0
DA:237,0
DA:238,0
DA:244,0
DA:247,0
DA:248,0
DA:250,0
DA:252,0
DA:253,0
DA:254,0
DA:256,0
DA:258,0
DA:261,0
DA:268,0
DA:269,0
DA:274,0
DA:275,0
DA:277,0
DA:279,0
DA:280,0
DA:285,0
DA:287,0
DA:292,0
DA:293,0
DA:298,0
DA:303,0
LF:88
LH:0
BRDA:163,0,0,0
BRDA:163,0,1,0
BRDA:231,1,0,0
BRDA:231,1,1,0
BRDA:235,2,0,0
BRDA:235,2,1,0
BRDA:247,3,0,0
BRDA:247,3,1,0
BRDA:250,4,0,0
BRDA:250,4,1,0
BRDA:252,5,0,0
BRDA:252,5,1,0
BRDA:279,6,0,0
BRDA:279,6,1,0
BRDA:279,7,0,0
BRDA:279,7,1,0
BRF:16
BRH:0
end_of_record
TN:
SF:stores/pointsStore.ts
FN:11,(anonymous_0)
FN:23,(anonymous_1)
FN:45,(anonymous_2)
FN:53,(anonymous_3)
FN:58,(anonymous_4)
FN:59,(anonymous_5)
FN:67,(anonymous_6)
FN:71,(anonymous_7)
FN:76,(anonymous_8)
FN:80,(anonymous_9)
FN:127,(anonymous_10)
FN:128,(anonymous_11)
FN:129,(anonymous_12)
FN:130,(anonymous_13)
FN:139,(anonymous_14)
FN:140,(anonymous_15)
FN:141,(anonymous_16)
FN:142,(anonymous_17)
FN:147,(anonymous_18)
FN:161,(anonymous_19)
FN:166,(anonymous_20)
FN:167,(anonymous_21)
FN:168,(anonymous_22)
FN:173,(anonymous_23)
FN:196,(anonymous_24)
FN:223,(anonymous_25)
FN:262,(anonymous_26)
FN:285,(anonymous_27)
FN:322,(anonymous_28)
FN:347,(anonymous_29)
FN:372,(anonymous_30)
FN:393,(anonymous_31)
FN:409,(anonymous_32)
FN:416,(anonymous_33)
FN:420,(anonymous_34)
FN:446,(anonymous_35)
FN:449,(anonymous_36)
FN:454,(anonymous_37)
FN:455,(anonymous_38)
FN:456,(anonymous_39)
FN:522,(anonymous_40)
FN:526,(anonymous_41)
FN:530,(anonymous_42)
FN:534,(anonymous_43)
FN:543,(anonymous_44)
FN:558,(anonymous_45)
FN:588,(anonymous_46)
FNF:47
FNH:0
FNDA:0,(anonymous_0)
FNDA:0,(anonymous_1)
FNDA:0,(anonymous_2)
FNDA:0,(anonymous_3)
FNDA:0,(anonymous_4)
FNDA:0,(anonymous_5)
FNDA:0,(anonymous_6)
FNDA:0,(anonymous_7)
FNDA:0,(anonymous_8)
FNDA:0,(anonymous_9)
FNDA:0,(anonymous_10)
FNDA:0,(anonymous_11)
FNDA:0,(anonymous_12)
FNDA:0,(anonymous_13)
FNDA:0,(anonymous_14)
FNDA:0,(anonymous_15)
FNDA:0,(anonymous_16)
FNDA:0,(anonymous_17)
FNDA:0,(anonymous_18)
FNDA:0,(anonymous_19)
FNDA:0,(anonymous_20)
FNDA:0,(anonymous_21)
FNDA:0,(anonymous_22)
FNDA:0,(anonymous_23)
FNDA:0,(anonymous_24)
FNDA:0,(anonymous_25)
FNDA:0,(anonymous_26)
FNDA:0,(anonymous_27)
FNDA:0,(anonymous_28)
FNDA:0,(anonymous_29)
FNDA:0,(anonymous_30)
FNDA:0,(anonymous_31)
FNDA:0,(anonymous_32)
FNDA:0,(anonymous_33)
FNDA:0,(anonymous_34)
FNDA:0,(anonymous_35)
FNDA:0,(anonymous_36)
FNDA:0,(anonymous_37)
FNDA:0,(anonymous_38)
FNDA:0,(anonymous_39)
FNDA:0,(anonymous_40)
FNDA:0,(anonymous_41)
FNDA:0,(anonymous_42)
FNDA:0,(anonymous_43)
FNDA:0,(anonymous_44)
FNDA:0,(anonymous_45)
FNDA:0,(anonymous_46)
DA:1,0
DA:4,0
DA:5,0
DA:6,0
DA:7,0
DA:9,0
DA:11,0
DA:12,0
DA:13,0
DA:16,0
DA:17,0
DA:19,0
DA:23,0
DA:24,0
DA:25,0
DA:27,0
DA:45,0
DA:46,0
DA:47,0
DA:48,0
DA:50,0
DA:53,0
DA:54,0
DA:55,0
DA:56,0
DA:58,0
DA:59,0
DA:62,0
DA:63,0
DA:67,0
DA:71,0
DA:76,0
DA:77,0
DA:78,0
DA:79,0
DA:80,0
DA:83,0
DA:84,0
DA:85,0
DA:86,0
DA:87,0
DA:91,0
DA:93,0
DA:94,0
DA:127,0
DA:128,0
DA:129,0
DA:130,0
DA:139,0
DA:140,0
DA:141,0
DA:142,0
DA:143,0
DA:146,0
DA:147,0
DA:150,0
DA:161,0
DA:166,0
DA:167,0
DA:168,0
DA:169,0
DA:172,0
DA:173,0
DA:176,0
DA:187,0
DA:197,0
DA:198,0
DA:200,0
DA:201,0
DA:202,0
DA:203,0
DA:208,0
DA:210,0
DA:211,0
DA:214,0
DA:215,0
DA:224,0
DA:225,0
DA:227,0
DA:228,0
DA:229,0
DA:231,0
DA:232,0
DA:233,0
DA:239,0
DA:247,0
DA:249,0
DA:250,0
DA:253,0
DA:254,0
DA:263,0
DA:264,0
DA:266,0
DA:267,0
DA:268,0
DA:270,0
DA:275,0
DA:277,0
DA:278,0
DA:286,0
DA:287,0
DA:289,0
DA:290,0
DA:291,0
DA:293,0
DA:294,0
DA:295,0
DA:304,0
DA:312,0
DA:314,0
DA:315,0
DA:323,0
DA:324,0
DA:326,0
DA:327,0
DA:328,0
DA:330,0
DA:335,0
DA:337,0
DA:340,0
DA:348,0
DA:349,0
DA:351,0
DA:352,0
DA:353,0
DA:355,0
DA:360,0
DA:362,0
DA:365,0
DA:373,0
DA:375,0
DA:376,0
DA:378,0
DA:383,0
DA:385,0
DA:386,0
DA:394,0
DA:395,0
DA:396,0
DA:399,0
DA:401,0
DA:402,0
DA:403,0
DA:404,0
DA:407,0
DA:408,0
DA:409,0
DA:414,0
DA:416,0
DA:418,0
DA:420,0
DA:422,0
DA:424,0
DA:429,0
DA:430,0
DA:432,0
DA:435,0
DA:441,0
DA:447,0
DA:448,0
DA:449,0
DA:451,0
DA:454,0
DA:455,0
DA:456,0
DA:458,0
DA:459,0
DA:460,0
DA:461,0
DA:465,0
DA:466,0
DA:469,0
DA:473,0
DA:475,0
DA:477,0
DA:478,0
DA:479,0
DA:482,0
DA:486,0
DA:487,0
DA:493,0
DA:496,0
DA:503,0
DA:509,0
DA:510,0
DA:511,0
DA:513,0
DA:516,0
DA:517,0
DA:518,0
DA:523,0
DA:527,0
DA:531,0
DA:535,0
DA:537,0
DA:538,0
DA:543,0
DA:544,0
DA:547,0
DA:552,0
DA:553,0
DA:554,0
DA:559,0
DA:561,0
DA:562,0
DA:567,0
DA:568,0
DA:571,0
DA:572,0
DA:577,0
DA:582,0
DA:583,0
DA:584,0
DA:589,0
DA:590,0
DA:592,0
DA:593,0
DA:594,0
DA:596,0
DA:598,0
DA:599,0
LF:221
LH:0
BRDA:12,0,0,0
BRDA:12,0,1,0
BRDA:25,1,0,0
BRDA:25,1,1,0
BRDA:29,2,0,0
BRDA:29,2,1,0
BRDA:35,3,0,0
BRDA:35,3,1,0
BRDA:36,4,0,0
BRDA:36,4,1,0
BRDA:39,5,0,0
BRDA:39,5,1,0
BRDA:40,6,0,0
BRDA:40,6,1,0
BRDA:47,7,0,0
BRDA:47,7,1,0
BRDA:47,8,0,0
BRDA:47,8,1,0
BRDA:47,8,2,0
BRDA:73,9,0,0
BRDA:73,9,1,0
BRDA:86,10,0,0
BRDA:86,10,1,0
BRDA:143,11,0,0
BRDA:143,11,1,0
BRDA:151,12,0,0
BRDA:151,12,1,0
BRDA:169,13,0,0
BRDA:169,13,1,0
BRDA:177,14,0,0
BRDA:177,14,1,0
BRDA:214,15,0,0
BRDA:214,15,1,0
BRDA:231,16,0,0
BRDA:231,16,1,0
BRDA:253,17,0,0
BRDA:253,17,1,0
BRDA:277,18,0,0
BRDA:277,18,1,0
BRDA:293,19,0,0
BRDA:293,19,1,0
BRDA:314,20,0,0
BRDA:314,20,1,0
BRDA:337,21,0,0
BRDA:337,21,1,0
BRDA:347,22,0,0
BRDA:362,23,0,0
BRDA:362,23,1,0
BRDA:385,24,0,0
BRDA:385,24,1,0
BRDA:397,25,0,0
BRDA:397,25,1,0
BRDA:397,25,2,0
BRDA:399,26,0,0
BRDA:399,26,1,0
BRDA:401,27,0,0
BRDA:401,27,1,0
BRDA:430,28,0,0
BRDA:430,28,1,0
BRDA:432,29,0,0
BRDA:432,29,1,0
BRDA:454,30,0,0
BRDA:454,30,1,0
BRDA:454,30,2,0
BRDA:458,31,0,0
BRDA:458,31,1,0
BRDA:458,32,0,0
BRDA:458,32,1,0
BRDA:460,33,0,0
BRDA:460,33,1,0
BRDA:465,34,0,0
BRDA:465,34,1,0
BRDA:480,35,0,0
BRDA:480,35,1,0
BRDA:480,35,2,0
BRDA:482,36,0,0
BRDA:482,36,1,0
BRDA:486,37,0,0
BRDA:486,37,1,0
BRDA:506,38,0,0
BRDA:506,38,1,0
BRDA:510,39,0,0
BRDA:510,39,1,0
BRDA:567,40,0,0
BRDA:567,40,1,0
BRDA:598,41,0,0
BRDA:598,41,1,0
BRF:87
BRH:0
end_of_record
TN:
SF:stores/symptomsStore.ts
FN:27,(anonymous_0)
FN:38,(anonymous_1)
FN:54,(anonymous_2)
FN:70,(anonymous_3)
FN:88,(anonymous_4)
FN:92,(anonymous_5)
FN:105,(anonymous_6)
FN:121,(anonymous_7)
FN:137,(anonymous_8)
FN:153,(anonymous_9)
FN:161,(anonymous_10)
FN:165,(anonymous_11)
FNF:12
FNH:0
FNDA:0,(anonymous_0)
FNDA:0,(anonymous_1)
FNDA:0,(anonymous_2)
FNDA:0,(anonymous_3)
FNDA:0,(anonymous_4)
FNDA:0,(anonymous_5)
FNDA:0,(anonymous_6)
FNDA:0,(anonymous_7)
FNDA:0,(anonymous_8)
FNDA:0,(anonymous_9)
FNDA:0,(anonymous_10)
FNDA:0,(anonymous_11)
DA:1,0
DA:3,0
DA:27,0
DA:39,0
DA:40,0
DA:41,0
DA:42,0
DA:47,0
DA:55,0
DA:56,0
DA:57,0
DA:58,0
DA:63,0
DA:71,0
DA:72,0
DA:73,0
DA:74,0
DA:78,0
DA:80,0
DA:84,0
DA:89,0
DA:90,0
DA:91,0
DA:92,0
DA:93,0
DA:98,0
DA:106,0
DA:107,0
DA:108,0
DA:109,0
DA:114,0
DA:122,0
DA:123,0
DA:124,0
DA:125,0
DA:130,0
DA:138,0
DA:139,0
DA:140,0
DA:141,0
DA:146,0
DA:154,0
DA:155,0
DA:157,0
DA:162,0
DA:166,0
LF:46
LH:0
BRDA:48,0,0,0
BRDA:48,0,1,0
BRDA:64,1,0,0
BRDA:64,1,1,0
BRDA:81,2,0,0
BRDA:81,2,1,0
BRDA:99,3,0,0
BRDA:99,3,1,0
BRDA:105,4,0,0
BRDA:115,5,0,0
BRDA:115,5,1,0
BRDA:131,6,0,0
BRDA:131,6,1,0
BRDA:147,7,0,0
BRDA:147,7,1,0
BRF:15
BRH:0
end_of_record
TN:
SF:stores/syncStore.ts
FN:34,(anonymous_0)
FN:51,(anonymous_1)
FN:64,(anonymous_2)
FN:72,(anonymous_3)
FN:85,(anonymous_4)
FN:94,(anonymous_5)
FN:111,(anonymous_6)
FN:145,(anonymous_7)
FN:149,(anonymous_8)
FN:152,(anonymous_9)
FN:162,(anonymous_10)
FN:166,(anonymous_11)
FN:180,(anonymous_12)
FN:192,(anonymous_13)
FN:205,(anonymous_14)
FN:209,(anonymous_15)
FN:213,(anonymous_16)
FN:217,(anonymous_17)
FN:227,(anonymous_18)
FN:274,(anonymous_19)
FN:332,(anonymous_20)
FN:344,(anonymous_21)
FN:408,(anonymous_22)
FNF:23
FNH:11
FNDA:0,(anonymous_0)
FNDA:0,(anonymous_1)
FNDA:2,(anonymous_2)
FNDA:2,(anonymous_3)
FNDA:1,(anonymous_4)
FNDA:5,(anonymous_5)
FNDA:2,(anonymous_6)
FNDA:1,(anonymous_7)
FNDA:0,(anonymous_8)
FNDA:0,(anonymous_9)
FNDA:1,(anonymous_10)
FNDA:0,(anonymous_11)
FNDA:1,(anonymous_12)
FNDA:0,(anonymous_13)
FNDA:0,(anonymous_14)
FNDA:0,(anonymous_15)
FNDA:0,(anonymous_16)
FNDA:0,(anonymous_17)
FNDA:9,(anonymous_18)
FNDA:0,(anonymous_19)
FNDA:14,(anonymous_20)
FNDA:4,(anonymous_21)
FNDA:0,(anonymous_22)
DA:1,1
DA:5,1
DA:6,1
DA:7,1
DA:8,1
DA:9,1
DA:12,1
DA:13,1
DA:14,1
DA:34,1
DA:51,1
DA:64,1
DA:65,2
DA:66,2
DA:72,1
DA:76,2
DA:77,2
DA:79,2
DA:80,2
DA:82,2
DA:85,1
DA:95,5
DA:96,5
DA:97,5
DA:98,2
DA:99,2
DA:102,3
DA:103,2
DA:104,2
DA:106,1
DA:107,1
DA:112,2
DA:113,2
DA:115,2
DA:116,2
DA:117,1
DA:120,1
DA:127,1
DA:128,1
DA:130,1
DA:135,1
DA:137,1
DA:139,1
DA:140,1
DA:141,1
DA:146,1
DA:147,1
DA:148,1
DA:149,1
DA:151,1
DA:152,1
DA:153,1
DA:155,1
DA:157,0
DA:158,0
DA:163,1
DA:164,1
DA:165,1
DA:166,1
DA:167,0
DA:170,1
DA:171,1
DA:173,1
DA:175,0
DA:176,0
DA:181,1
DA:182,1
DA:183,0
DA:184,0
DA:186,1
DA:188,1
DA:189,1
DA:191,1
DA:192,1
DA:193,1
DA:194,1
DA:196,1
DA:198,0
DA:199,0
DA:201,1
DA:206,0
DA:210,0
DA:214,0
DA:218,0
DA:219,0
DA:220,0
DA:221,0
DA:223,0
DA:228,9
DA:229,2
DA:232,7
DA:234,7
DA:235,7
DA:236,7
DA:237,1
DA:240,6
DA:241,6
DA:243,6
DA:244,2
DA:245,2
DA:248,2
DA:249,2
DA:251,2
DA:252,1
DA:255,1
DA:259,5
DA:260,5
DA:261,5
DA:262,5
DA:263,5
DA:266,5
DA:267,0
DA:271,5
DA:272,5
DA:273,5
DA:274,5
DA:275,5
DA:278,5
DA:279,5
DA:281,5
DA:282,2
DA:283,2
DA:285,1
DA:291,1
DA:292,1
DA:297,0
DA:300,5
DA:301,4
DA:302,1
DA:303,1
DA:310,3
DA:311,3
DA:320,5
DA:322,0
DA:323,0
DA:327,7
DA:328,7
DA:333,14
DA:334,14
DA:338,13
DA:340,1
DA:345,4
DA:346,4
DA:347,1
DA:350,3
DA:351,3
DA:353,3
DA:354,2
DA:355,2
DA:358,2
DA:359,0
DA:360,0
DA:363,0
DA:364,0
DA:366,0
DA:367,0
DA:370,0
DA:380,2
DA:381,2
DA:382,2
DA:384,2
DA:385,1
DA:390,1
DA:392,1
DA:394,1
DA:395,1
DA:399,3
DA:400,3
DA:402,0
DA:403,0
DA:408,1
DA:409,0
DA:410,0
DA:411,0
DA:413,0
DA:414,0
DA:415,0
DA:417,0
LF:178
LH:141
BRDA:38,0,0,0
BRDA:38,0,1,0
BRDA:44,1,0,0
BRDA:44,1,1,0
BRDA:45,2,0,0
BRDA:45,2,1,0
BRDA:54,3,0,0
BRDA:54,3,1,0
BRDA:76,4,0,0
BRDA:76,4,1,2
BRDA:77,5,0,0
BRDA:77,5,1,2
BRDA:82,6,0,1
BRDA:82,6,1,1
BRDA:97,7,0,2
BRDA:97,7,1,3
BRDA:116,8,0,1
BRDA:116,8,1,1
BRDA:182,9,0,0
BRDA:182,9,1,1
BRDA:182,10,0,1
BRDA:182,10,1,1
BRDA:182,10,2,1
BRDA:220,11,0,0
BRDA:220,11,1,0
BRDA:228,12,0,2
BRDA:228,12,1,7
BRDA:228,13,0,9
BRDA:228,13,1,8
BRDA:236,14,0,1
BRDA:236,14,1,6
BRDA:243,15,0,2
BRDA:243,15,1,4
BRDA:245,16,0,2
BRDA:245,16,1,0
BRDA:251,17,0,1
BRDA:251,17,1,1
BRDA:260,18,0,5
BRDA:260,18,1,0
BRDA:263,19,0,5
BRDA:263,19,1,0
BRDA:264,20,0,0
BRDA:264,20,1,0
BRDA:266,21,0,0
BRDA:266,21,1,5
BRDA:266,22,0,5
BRDA:266,22,1,5
BRDA:281,23,0,2
BRDA:281,23,1,3
BRDA:283,24,0,1
BRDA:283,24,1,1
BRDA:300,25,0,4
BRDA:300,25,1,1
BRDA:301,26,0,1
BRDA:301,26,1,3
BRDA:301,27,0,4
BRDA:301,27,1,3
BRDA:346,28,0,1
BRDA:346,28,1,3
BRDA:346,29,0,4
BRDA:346,29,1,3
BRDA:346,29,2,3
BRDA:358,30,0,0
BRDA:358,30,1,2
BRDA:360,31,0,0
BRDA:360,31,1,0
BRDA:366,32,0,0
BRDA:366,32,1,0
BRDA:380,33,0,2
BRDA:380,33,1,0
BRDA:384,34,0,1
BRDA:384,34,1,1
BRDA:384,35,0,2
BRDA:384,35,1,1
BRDA:413,36,0,0
BRDA:413,36,1,0
BRF:76
BRH:49
end_of_record
